2026-02-27T09:03:05.0747990Z ##[group]Run npm run test:unit
2026-02-27T09:03:05.0748286Z [36;1mnpm run test:unit[0m
2026-02-27T09:03:05.0804428Z shell: /usr/bin/bash -e {0}
2026-02-27T09:03:05.0804680Z env:
2026-02-27T09:03:05.0804863Z   NODE_VERSION: 20
2026-02-27T09:03:05.0805300Z   VITE_SUPABASE_URL: ***
2026-02-27T09:03:05.0806792Z   VITE_SUPABASE_ANON_KEY: ***
2026-02-27T09:03:05.0807029Z   CI: true
2026-02-27T09:03:05.0807215Z ##[endgroup]
2026-02-27T09:03:05.1944139Z 
2026-02-27T09:03:05.1946694Z > andaman-bazaar@1.0.0 test:unit
2026-02-27T09:03:05.1947334Z > vitest run tests/unit
2026-02-27T09:03:05.1947643Z 
2026-02-27T09:03:05.5876633Z 
2026-02-27T09:03:05.5878916Z [7m[1m[36m RUN [39m[22m[27m [36mv1.6.1[39m [90m/home/runner/work/AndamanBazaarApp/AndamanBazaarApp[39m
2026-02-27T09:03:05.5879807Z 
2026-02-27T09:03:06.8547834Z  [32m✓[39m tests/unit/security-client.test.ts [2m ([22m[2m25 tests[22m[2m)[22m[90m 26[2mms[22m[39m
2026-02-27T09:03:06.9354876Z  [32m✓[39m tests/unit/validation.test.ts [2m ([22m[2m35 tests[22m[2m)[22m[90m 40[2mms[22m[39m
2026-02-27T09:03:06.9782904Z [90mstderr[2m | tests/unit/auth.test.tsx[2m > [22m[2mAuthView Component[2m > [22m[2mvalidates email format[22m[39m
2026-02-27T09:03:06.9785176Z Warning: An update to AuthView inside a test was not wrapped in act(...).
2026-02-27T09:03:06.9786154Z 
2026-02-27T09:03:06.9787053Z When testing, code that causes React state updates should be wrapped into act(...):
2026-02-27T09:03:06.9787905Z 
2026-02-27T09:03:06.9792216Z act(() => {
2026-02-27T09:03:06.9792691Z   /* fire events that update state */
2026-02-27T09:03:06.9793166Z });
2026-02-27T09:03:06.9793516Z /* assert on the output */
2026-02-27T09:03:06.9793809Z 
2026-02-27T09:03:06.9794912Z This ensures that you're testing the behavior the user would see in the browser. Learn more at https://reactjs.org/link/wrap-tests-with-act
2026-02-27T09:03:06.9796564Z     at AuthView (/home/runner/work/AndamanBazaarApp/AndamanBazaarApp/tests/unit/auth.test.tsx:14:51)
2026-02-27T09:03:06.9798301Z     at Router (/home/runner/work/AndamanBazaarApp/AndamanBazaarApp/node_modules/react-router/dist/umd/react-router.development.js:1174:17)
2026-02-27T09:03:06.9800957Z     at BrowserRouter (/home/runner/work/AndamanBazaarApp/AndamanBazaarApp/node_modules/react-router-dom/dist/umd/react-router-dom.development.js:694:7)
2026-02-27T09:03:06.9802098Z 
2026-02-27T09:03:06.9854988Z [90mstderr[2m | tests/unit/auth.test.tsx[2m > [22m[2mAuthView Component[2m > [22m[2mvalidates email format[22m[39m
2026-02-27T09:03:06.9856513Z Warning: An update to AuthView inside a test was not wrapped in act(...).
2026-02-27T09:03:06.9857086Z 
2026-02-27T09:03:06.9857691Z When testing, code that causes React state updates should be wrapped into act(...):
2026-02-27T09:03:06.9858303Z 
2026-02-27T09:03:06.9858457Z act(() => {
2026-02-27T09:03:06.9858887Z   /* fire events that update state */
2026-02-27T09:03:06.9859349Z });
2026-02-27T09:03:06.9859686Z /* assert on the output */
2026-02-27T09:03:06.9859976Z 
2026-02-27T09:03:06.9861386Z This ensures that you're testing the behavior the user would see in the browser. Learn more at https://reactjs.org/link/wrap-tests-with-act
2026-02-27T09:03:06.9863042Z     at AuthView (/home/runner/work/AndamanBazaarApp/AndamanBazaarApp/tests/unit/auth.test.tsx:14:51)
2026-02-27T09:03:06.9864780Z     at Router (/home/runner/work/AndamanBazaarApp/AndamanBazaarApp/node_modules/react-router/dist/umd/react-router.development.js:1174:17)
2026-02-27T09:03:06.9866915Z     at BrowserRouter (/home/runner/work/AndamanBazaarApp/AndamanBazaarApp/node_modules/react-router-dom/dist/umd/react-router-dom.development.js:694:7)
2026-02-27T09:03:06.9868039Z 
2026-02-27T09:03:06.9873406Z [90mstderr[2m | tests/unit/auth.test.tsx[2m > [22m[2mAuthView Component[2m > [22m[2mvalidates email format[22m[39m
2026-02-27T09:03:06.9875359Z Warning: An update to AuthView inside a test was not wrapped in act(...).
2026-02-27T09:03:06.9876448Z 
2026-02-27T09:03:06.9877480Z When testing, code that causes React state updates should be wrapped into act(...):
2026-02-27T09:03:06.9878596Z 
2026-02-27T09:03:06.9878779Z act(() => {
2026-02-27T09:03:06.9879199Z   /* fire events that update state */
2026-02-27T09:03:06.9879659Z });
2026-02-27T09:03:06.9880019Z /* assert on the output */
2026-02-27T09:03:06.9880299Z 
2026-02-27T09:03:06.9881549Z This ensures that you're testing the behavior the user would see in the browser. Learn more at https://reactjs.org/link/wrap-tests-with-act
2026-02-27T09:03:06.9883183Z     at AuthView (/home/runner/work/AndamanBazaarApp/AndamanBazaarApp/tests/unit/auth.test.tsx:14:51)
2026-02-27T09:03:06.9884889Z     at Router (/home/runner/work/AndamanBazaarApp/AndamanBazaarApp/node_modules/react-router/dist/umd/react-router.development.js:1174:17)
2026-02-27T09:03:06.9886981Z     at BrowserRouter (/home/runner/work/AndamanBazaarApp/AndamanBazaarApp/node_modules/react-router-dom/dist/umd/react-router-dom.development.js:694:7)
2026-02-27T09:03:06.9888108Z 
2026-02-27T09:03:06.9909646Z [90mstderr[2m | tests/unit/auth.test.tsx[2m > [22m[2mAuthView Component[2m > [22m[2mvalidates email format[22m[39m
2026-02-27T09:03:06.9911272Z Warning: An update to AuthView inside a test was not wrapped in act(...).
2026-02-27T09:03:06.9911801Z 
2026-02-27T09:03:06.9912360Z When testing, code that causes React state updates should be wrapped into act(...):
2026-02-27T09:03:06.9912957Z 
2026-02-27T09:03:06.9913103Z act(() => {
2026-02-27T09:03:06.9913506Z   /* fire events that update state */
2026-02-27T09:03:06.9913940Z });
2026-02-27T09:03:06.9914286Z /* assert on the output */
2026-02-27T09:03:06.9914556Z 
2026-02-27T09:03:06.9915585Z This ensures that you're testing the behavior the user would see in the browser. Learn more at https://reactjs.org/link/wrap-tests-with-act
2026-02-27T09:03:06.9917163Z     at AuthView (/home/runner/work/AndamanBazaarApp/AndamanBazaarApp/tests/unit/auth.test.tsx:14:51)
2026-02-27T09:03:06.9918860Z     at Router (/home/runner/work/AndamanBazaarApp/AndamanBazaarApp/node_modules/react-router/dist/umd/react-router.development.js:1174:17)
2026-02-27T09:03:06.9921124Z     at BrowserRouter (/home/runner/work/AndamanBazaarApp/AndamanBazaarApp/node_modules/react-router-dom/dist/umd/react-router-dom.development.js:694:7)
2026-02-27T09:03:06.9922628Z 
2026-02-27T09:03:06.9955779Z [90mstderr[2m | tests/unit/auth.test.tsx[2m > [22m[2mAuthView Component[2m > [22m[2mvalidates email format[22m[39m
2026-02-27T09:03:06.9957105Z Warning: An update to AuthView inside a test was not wrapped in act(...).
2026-02-27T09:03:06.9957630Z 
2026-02-27T09:03:06.9958195Z When testing, code that causes React state updates should be wrapped into act(...):
2026-02-27T09:03:06.9958769Z 
2026-02-27T09:03:06.9958898Z act(() => {
2026-02-27T09:03:06.9959246Z   /* fire events that update state */
2026-02-27T09:03:06.9959664Z });
2026-02-27T09:03:06.9960008Z /* assert on the output */
2026-02-27T09:03:06.9960263Z 
2026-02-27T09:03:06.9961476Z This ensures that you're testing the behavior the user would see in the browser. Learn more at https://reactjs.org/link/wrap-tests-with-act
2026-02-27T09:03:06.9968847Z     at AuthView (/home/runner/work/AndamanBazaarApp/AndamanBazaarApp/tests/unit/auth.test.tsx:14:51)
2026-02-27T09:03:06.9970701Z     at Router (/home/runner/work/AndamanBazaarApp/AndamanBazaarApp/node_modules/react-router/dist/umd/react-router.development.js:1174:17)
2026-02-27T09:03:06.9972741Z     at BrowserRouter (/home/runner/work/AndamanBazaarApp/AndamanBazaarApp/node_modules/react-router-dom/dist/umd/react-router-dom.development.js:694:7)
2026-02-27T09:03:06.9973839Z 
2026-02-27T09:03:06.9974985Z [90mstderr[2m | tests/unit/auth.test.tsx[2m > [22m[2mAuthView Component[2m > [22m[2mvalidates email format[22m[39m
2026-02-27T09:03:06.9976289Z Warning: An update to AuthView inside a test was not wrapped in act(...).
2026-02-27T09:03:06.9976844Z 
2026-02-27T09:03:06.9977433Z When testing, code that causes React state updates should be wrapped into act(...):
2026-02-27T09:03:06.9978044Z 
2026-02-27T09:03:06.9978606Z act(() => {
2026-02-27T09:03:06.9979066Z   /* fire events that update state */
2026-02-27T09:03:06.9979535Z });
2026-02-27T09:03:06.9979884Z /* assert on the output */
2026-02-27T09:03:06.9980172Z 
2026-02-27T09:03:06.9981381Z This ensures that you're testing the behavior the user would see in the browser. Learn more at https://reactjs.org/link/wrap-tests-with-act
2026-02-27T09:03:06.9983002Z     at AuthView (/home/runner/work/AndamanBazaarApp/AndamanBazaarApp/tests/unit/auth.test.tsx:14:51)
2026-02-27T09:03:06.9984733Z     at Router (/home/runner/work/AndamanBazaarApp/AndamanBazaarApp/node_modules/react-router/dist/umd/react-router.development.js:1174:17)
2026-02-27T09:03:06.9986970Z     at BrowserRouter (/home/runner/work/AndamanBazaarApp/AndamanBazaarApp/node_modules/react-router-dom/dist/umd/react-router-dom.development.js:694:7)
2026-02-27T09:03:06.9988096Z 
2026-02-27T09:03:07.0006953Z [90mstderr[2m | tests/unit/auth.test.tsx[2m > [22m[2mAuthView Component[2m > [22m[2mvalidates email format[22m[39m
2026-02-27T09:03:07.0011571Z Warning: An update to AuthView inside a test was not wrapped in act(...).
2026-02-27T09:03:07.0016508Z 
2026-02-27T09:03:07.0017196Z When testing, code that causes React state updates should be wrapped into act(...):
2026-02-27T09:03:07.0017867Z 
2026-02-27T09:03:07.0018042Z act(() => {
2026-02-27T09:03:07.0018457Z   /* fire events that update state */
2026-02-27T09:03:07.0018912Z });
2026-02-27T09:03:07.0019266Z /* assert on the output */
2026-02-27T09:03:07.0019537Z 
2026-02-27T09:03:07.0020811Z This ensures that you're testing the behavior the user would see in the browser. Learn more at https://reactjs.org/link/wrap-tests-with-act
2026-02-27T09:03:07.0022527Z     at AuthView (/home/runner/work/AndamanBazaarApp/AndamanBazaarApp/tests/unit/auth.test.tsx:14:51)
2026-02-27T09:03:07.0024308Z     at Router (/home/runner/work/AndamanBazaarApp/AndamanBazaarApp/node_modules/react-router/dist/umd/react-router.development.js:1174:17)
2026-02-27T09:03:07.0026510Z     at BrowserRouter (/home/runner/work/AndamanBazaarApp/AndamanBazaarApp/node_modules/react-router-dom/dist/umd/react-router-dom.development.js:694:7)
2026-02-27T09:03:07.0028109Z 
2026-02-27T09:03:07.0062194Z [90mstderr[2m | tests/unit/auth.test.tsx[2m > [22m[2mAuthView Component[2m > [22m[2mvalidates email format[22m[39m
2026-02-27T09:03:07.0064081Z Warning: An update to AuthView inside a test was not wrapped in act(...).
2026-02-27T09:03:07.0064917Z 
2026-02-27T09:03:07.0065880Z When testing, code that causes React state updates should be wrapped into act(...):
2026-02-27T09:03:07.0066696Z 
2026-02-27T09:03:07.0067037Z act(() => {
2026-02-27T09:03:07.0067640Z   /* fire events that update state */
2026-02-27T09:03:07.0068294Z });
2026-02-27T09:03:07.0068894Z /* assert on the output */
2026-02-27T09:03:07.0069304Z 
2026-02-27T09:03:07.0070567Z This ensures that you're testing the behavior the user would see in the browser. Learn more at https://reactjs.org/link/wrap-tests-with-act
2026-02-27T09:03:07.0072226Z     at AuthView (/home/runner/work/AndamanBazaarApp/AndamanBazaarApp/tests/unit/auth.test.tsx:14:51)
2026-02-27T09:03:07.0074079Z     at Router (/home/runner/work/AndamanBazaarApp/AndamanBazaarApp/node_modules/react-router/dist/umd/react-router.development.js:1174:17)
2026-02-27T09:03:07.0076212Z     at BrowserRouter (/home/runner/work/AndamanBazaarApp/AndamanBazaarApp/node_modules/react-router-dom/dist/umd/react-router-dom.development.js:694:7)
2026-02-27T09:03:07.0077336Z 
2026-02-27T09:03:07.0081114Z [90mstderr[2m | tests/unit/auth.test.tsx[2m > [22m[2mAuthView Component[2m > [22m[2mvalidates email format[22m[39m
2026-02-27T09:03:07.0083577Z Warning: An update to AuthView inside a test was not wrapped in act(...).
2026-02-27T09:03:07.0084139Z 
2026-02-27T09:03:07.0084753Z When testing, code that causes React state updates should be wrapped into act(...):
2026-02-27T09:03:07.0085389Z 
2026-02-27T09:03:07.0085542Z act(() => {
2026-02-27T09:03:07.0085957Z   /* fire events that update state */
2026-02-27T09:03:07.0086806Z });
2026-02-27T09:03:07.0087162Z /* assert on the output */
2026-02-27T09:03:07.0087463Z 
2026-02-27T09:03:07.0088533Z This ensures that you're testing the behavior the user would see in the browser. Learn more at https://reactjs.org/link/wrap-tests-with-act
2026-02-27T09:03:07.0090239Z     at AuthView (/home/runner/work/AndamanBazaarApp/AndamanBazaarApp/tests/unit/auth.test.tsx:14:51)
2026-02-27T09:03:07.0092233Z     at Router (/home/runner/work/AndamanBazaarApp/AndamanBazaarApp/node_modules/react-router/dist/umd/react-router.development.js:1174:17)
2026-02-27T09:03:07.0094420Z     at BrowserRouter (/home/runner/work/AndamanBazaarApp/AndamanBazaarApp/node_modules/react-router-dom/dist/umd/react-router-dom.development.js:694:7)
2026-02-27T09:03:07.0095579Z 
2026-02-27T09:03:07.0112385Z [90mstderr[2m | tests/unit/auth.test.tsx[2m > [22m[2mAuthView Component[2m > [22m[2mvalidates email format[22m[39m
2026-02-27T09:03:07.0113782Z Warning: An update to AuthView inside a test was not wrapped in act(...).
2026-02-27T09:03:07.0114369Z 
2026-02-27T09:03:07.0115011Z When testing, code that causes React state updates should be wrapped into act(...):
2026-02-27T09:03:07.0115637Z 
2026-02-27T09:03:07.0115802Z act(() => {
2026-02-27T09:03:07.0116407Z   /* fire events that update state */
2026-02-27T09:03:07.0117473Z });
2026-02-27T09:03:07.0117878Z /* assert on the output */
2026-02-27T09:03:07.0118343Z 
2026-02-27T09:03:07.0119570Z This ensures that you're testing the behavior the user would see in the browser. Learn more at https://reactjs.org/link/wrap-tests-with-act
2026-02-27T09:03:07.0120819Z     at AuthView (/home/runner/work/AndamanBazaarApp/AndamanBazaarApp/tests/unit/auth.test.tsx:14:51)
2026-02-27T09:03:07.0121733Z     at Router (/home/runner/work/AndamanBazaarApp/AndamanBazaarApp/node_modules/react-router/dist/umd/react-router.development.js:1174:17)
2026-02-27T09:03:07.0122853Z     at BrowserRouter (/home/runner/work/AndamanBazaarApp/AndamanBazaarApp/node_modules/react-router-dom/dist/umd/react-router-dom.development.js:694:7)
2026-02-27T09:03:07.0123449Z 
2026-02-27T09:03:07.0142563Z [90mstderr[2m | tests/unit/auth.test.tsx[2m > [22m[2mAuthView Component[2m > [22m[2mvalidates email format[22m[39m
2026-02-27T09:03:07.0144142Z Warning: An update to AuthView inside a test was not wrapped in act(...).
2026-02-27T09:03:07.0144878Z 
2026-02-27T09:03:07.0145739Z When testing, code that causes React state updates should be wrapped into act(...):
2026-02-27T09:03:07.0146385Z 
2026-02-27T09:03:07.0146557Z act(() => {
2026-02-27T09:03:07.0146979Z   /* fire events that update state */
2026-02-27T09:03:07.0147466Z });
2026-02-27T09:03:07.0147843Z /* assert on the output */
2026-02-27T09:03:07.0148129Z 
2026-02-27T09:03:07.0149226Z This ensures that you're testing the behavior the user would see in the browser. Learn more at https://reactjs.org/link/wrap-tests-with-act
2026-02-27T09:03:07.0151095Z     at AuthView (/home/runner/work/AndamanBazaarApp/AndamanBazaarApp/tests/unit/auth.test.tsx:14:51)
2026-02-27T09:03:07.0152880Z     at Router (/home/runner/work/AndamanBazaarApp/AndamanBazaarApp/node_modules/react-router/dist/umd/react-router.development.js:1174:17)
2026-02-27T09:03:07.0155137Z     at BrowserRouter (/home/runner/work/AndamanBazaarApp/AndamanBazaarApp/node_modules/react-router-dom/dist/umd/react-router-dom.development.js:694:7)
2026-02-27T09:03:07.0156349Z 
2026-02-27T09:03:07.0169584Z [90mstderr[2m | tests/unit/auth.test.tsx[2m > [22m[2mAuthView Component[2m > [22m[2mvalidates email format[22m[39m
2026-02-27T09:03:07.0171349Z Warning: An update to AuthView inside a test was not wrapped in act(...).
2026-02-27T09:03:07.0171942Z 
2026-02-27T09:03:07.0172572Z When testing, code that causes React state updates should be wrapped into act(...):
2026-02-27T09:03:07.0173172Z 
2026-02-27T09:03:07.0173334Z act(() => {
2026-02-27T09:03:07.0173768Z   /* fire events that update state */
2026-02-27T09:03:07.0174247Z });
2026-02-27T09:03:07.0174620Z /* assert on the output */
2026-02-27T09:03:07.0175285Z 
2026-02-27T09:03:07.0176385Z This ensures that you're testing the behavior the user would see in the browser. Learn more at https://reactjs.org/link/wrap-tests-with-act
2026-02-27T09:03:07.0178076Z     at AuthView (/home/runner/work/AndamanBazaarApp/AndamanBazaarApp/tests/unit/auth.test.tsx:14:51)
2026-02-27T09:03:07.0179844Z     at Router (/home/runner/work/AndamanBazaarApp/AndamanBazaarApp/node_modules/react-router/dist/umd/react-router.development.js:1174:17)
2026-02-27T09:03:07.0182217Z     at BrowserRouter (/home/runner/work/AndamanBazaarApp/AndamanBazaarApp/node_modules/react-router-dom/dist/umd/react-router-dom.development.js:694:7)
2026-02-27T09:03:07.0183390Z 
2026-02-27T09:03:07.0198046Z [90mstderr[2m | tests/unit/auth.test.tsx[2m > [22m[2mAuthView Component[2m > [22m[2mvalidates email format[22m[39m
2026-02-27T09:03:07.0199360Z Warning: An update to AuthView inside a test was not wrapped in act(...).
2026-02-27T09:03:07.0199876Z 
2026-02-27T09:03:07.0200638Z When testing, code that causes React state updates should be wrapped into act(...):
2026-02-27T09:03:07.0201247Z 
2026-02-27T09:03:07.0201382Z act(() => {
2026-02-27T09:03:07.0201771Z   /* fire events that update state */
2026-02-27T09:03:07.0202206Z });
2026-02-27T09:03:07.0202539Z /* assert on the output */
2026-02-27T09:03:07.0202801Z 
2026-02-27T09:03:07.0203820Z This ensures that you're testing the behavior the user would see in the browser. Learn more at https://reactjs.org/link/wrap-tests-with-act
2026-02-27T09:03:07.0205377Z     at AuthView (/home/runner/work/AndamanBazaarApp/AndamanBazaarApp/tests/unit/auth.test.tsx:14:51)
2026-02-27T09:03:07.0207028Z     at Router (/home/runner/work/AndamanBazaarApp/AndamanBazaarApp/node_modules/react-router/dist/umd/react-router.development.js:1174:17)
2026-02-27T09:03:07.0209055Z     at BrowserRouter (/home/runner/work/AndamanBazaarApp/AndamanBazaarApp/node_modules/react-router-dom/dist/umd/react-router-dom.development.js:694:7)
2026-02-27T09:03:07.0210174Z 
2026-02-27T09:03:07.0463712Z [90mstderr[2m | tests/unit/auth.test.tsx[2m > [22m[2mAuthView Component[2m > [22m[2mvalidates password length[22m[39m
2026-02-27T09:03:07.0467876Z Warning: An update to AuthView inside a test was not wrapped in act(...).
2026-02-27T09:03:07.0468847Z 
2026-02-27T09:03:07.0469718Z When testing, code that causes React state updates should be wrapped into act(...):
2026-02-27T09:03:07.0474225Z 
2026-02-27T09:03:07.0474450Z act(() => {
2026-02-27T09:03:07.0474910Z   /* fire events that update state */
2026-02-27T09:03:07.0475407Z });
2026-02-27T09:03:07.0475798Z /* assert on the output */
2026-02-27T09:03:07.0476094Z 
2026-02-27T09:03:07.0477179Z This ensures that you're testing the behavior the user would see in the browser. Learn more at https://reactjs.org/link/wrap-tests-with-act
2026-02-27T09:03:07.0478890Z     at AuthView (/home/runner/work/AndamanBazaarApp/AndamanBazaarApp/tests/unit/auth.test.tsx:14:51)
2026-02-27T09:03:07.0488641Z     at Router (/home/runner/work/AndamanBazaarApp/AndamanBazaarApp/node_modules/react-router/dist/umd/react-router.development.js:1174:17)
2026-02-27T09:03:07.0491117Z     at BrowserRouter (/home/runner/work/AndamanBazaarApp/AndamanBazaarApp/node_modules/react-router-dom/dist/umd/react-router-dom.development.js:694:7)
2026-02-27T09:03:07.0492315Z 
2026-02-27T09:03:07.0493593Z [90mstderr[2m | tests/unit/auth.test.tsx[2m > [22m[2mAuthView Component[2m > [22m[2mvalidates password length[22m[39m
2026-02-27T09:03:07.0510204Z Warning: An update to AuthView inside a test was not wrapped in act(...).
2026-02-27T09:03:07.0510983Z 
2026-02-27T09:03:07.0511632Z When testing, code that causes React state updates should be wrapped into act(...):
2026-02-27T09:03:07.0512272Z 
2026-02-27T09:03:07.0512440Z act(() => {
2026-02-27T09:03:07.0512876Z   /* fire events that update state */
2026-02-27T09:03:07.0513346Z });
2026-02-27T09:03:07.0513713Z /* assert on the output */
2026-02-27T09:03:07.0513976Z 
2026-02-27T09:03:07.0515009Z This ensures that you're testing the behavior the user would see in the browser. Learn more at https://reactjs.org/link/wrap-tests-with-act
2026-02-27T09:03:07.0517045Z     at AuthView (/home/runner/work/AndamanBazaarApp/AndamanBazaarApp/tests/unit/auth.test.tsx:14:51)
2026-02-27T09:03:07.0518833Z     at Router (/home/runner/work/AndamanBazaarApp/AndamanBazaarApp/node_modules/react-router/dist/umd/react-router.development.js:1174:17)
2026-02-27T09:03:07.0521252Z     at BrowserRouter (/home/runner/work/AndamanBazaarApp/AndamanBazaarApp/node_modules/react-router-dom/dist/umd/react-router-dom.development.js:694:7)
2026-02-27T09:03:07.0522456Z 
2026-02-27T09:03:07.0523717Z [90mstderr[2m | tests/unit/auth.test.tsx[2m > [22m[2mAuthView Component[2m > [22m[2mvalidates password length[22m[39m
2026-02-27T09:03:07.0535693Z Warning: An update to AuthView inside a test was not wrapped in act(...).
2026-02-27T09:03:07.0536291Z 
2026-02-27T09:03:07.0536882Z When testing, code that causes React state updates should be wrapped into act(...):
2026-02-27T09:03:07.0537505Z 
2026-02-27T09:03:07.0537639Z act(() => {
2026-02-27T09:03:07.0538039Z   /* fire events that update state */
2026-02-27T09:03:07.0538475Z });
2026-02-27T09:03:07.0538813Z /* assert on the output */
2026-02-27T09:03:07.0539091Z 
2026-02-27T09:03:07.0540117Z This ensures that you're testing the behavior the user would see in the browser. Learn more at https://reactjs.org/link/wrap-tests-with-act
2026-02-27T09:03:07.0541912Z     at AuthView (/home/runner/work/AndamanBazaarApp/AndamanBazaarApp/tests/unit/auth.test.tsx:14:51)
2026-02-27T09:03:07.0543572Z     at Router (/home/runner/work/AndamanBazaarApp/AndamanBazaarApp/node_modules/react-router/dist/umd/react-router.development.js:1174:17)
2026-02-27T09:03:07.0545760Z     at BrowserRouter (/home/runner/work/AndamanBazaarApp/AndamanBazaarApp/node_modules/react-router-dom/dist/umd/react-router-dom.development.js:694:7)
2026-02-27T09:03:07.0546892Z 
2026-02-27T09:03:07.0548109Z [90mstderr[2m | tests/unit/auth.test.tsx[2m > [22m[2mAuthView Component[2m > [22m[2mvalidates password length[22m[39m
2026-02-27T09:03:07.0550107Z Warning: An update to AuthView inside a test was not wrapped in act(...).
2026-02-27T09:03:07.0550842Z 
2026-02-27T09:03:07.0551455Z When testing, code that causes React state updates should be wrapped into act(...):
2026-02-27T09:03:07.0552086Z 
2026-02-27T09:03:07.0552233Z act(() => {
2026-02-27T09:03:07.0552650Z   /* fire events that update state */
2026-02-27T09:03:07.0553107Z });
2026-02-27T09:03:07.0553407Z /* assert on the output */
2026-02-27T09:03:07.0553646Z 
2026-02-27T09:03:07.0554722Z This ensures that you're testing the behavior the user would see in the browser. Learn more at https://reactjs.org/link/wrap-tests-with-act
2026-02-27T09:03:07.0556380Z     at AuthView (/home/runner/work/AndamanBazaarApp/AndamanBazaarApp/tests/unit/auth.test.tsx:14:51)
2026-02-27T09:03:07.0558106Z     at Router (/home/runner/work/AndamanBazaarApp/AndamanBazaarApp/node_modules/react-router/dist/umd/react-router.development.js:1174:17)
2026-02-27T09:03:07.0560197Z     at BrowserRouter (/home/runner/work/AndamanBazaarApp/AndamanBazaarApp/node_modules/react-router-dom/dist/umd/react-router-dom.development.js:694:7)
2026-02-27T09:03:07.0561513Z 
2026-02-27T09:03:07.0594317Z [90mstderr[2m | tests/unit/auth.test.tsx[2m > [22m[2mAuthView Component[2m > [22m[2mvalidates password length[22m[39m
2026-02-27T09:03:07.0595736Z Warning: An update to AuthView inside a test was not wrapped in act(...).
2026-02-27T09:03:07.0596286Z 
2026-02-27T09:03:07.0596883Z When testing, code that causes React state updates should be wrapped into act(...):
2026-02-27T09:03:07.0597521Z 
2026-02-27T09:03:07.0597675Z act(() => {
2026-02-27T09:03:07.0598108Z   /* fire events that update state */
2026-02-27T09:03:07.0598629Z });
2026-02-27T09:03:07.0598998Z /* assert on the output */
2026-02-27T09:03:07.0599279Z 
2026-02-27T09:03:07.0600546Z This ensures that you're testing the behavior the user would see in the browser. Learn more at https://reactjs.org/link/wrap-tests-with-act
2026-02-27T09:03:07.0602760Z     at AuthView (/home/runner/work/AndamanBazaarApp/AndamanBazaarApp/tests/unit/auth.test.tsx:14:51)
2026-02-27T09:03:07.0604565Z     at Router (/home/runner/work/AndamanBazaarApp/AndamanBazaarApp/node_modules/react-router/dist/umd/react-router.development.js:1174:17)
2026-02-27T09:03:07.0606794Z     at BrowserRouter (/home/runner/work/AndamanBazaarApp/AndamanBazaarApp/node_modules/react-router-dom/dist/umd/react-router-dom.development.js:694:7)
2026-02-27T09:03:07.0607950Z 
2026-02-27T09:03:07.0624326Z [90mstderr[2m | tests/unit/auth.test.tsx[2m > [22m[2mAuthView Component[2m > [22m[2mvalidates password length[22m[39m
2026-02-27T09:03:07.0625414Z Warning: An update to AuthView inside a test was not wrapped in act(...).
2026-02-27T09:03:07.0625728Z 
2026-02-27T09:03:07.0626045Z When testing, code that causes React state updates should be wrapped into act(...):
2026-02-27T09:03:07.0626369Z 
2026-02-27T09:03:07.0626448Z act(() => {
2026-02-27T09:03:07.0626700Z   /* fire events that update state */
2026-02-27T09:03:07.0626948Z });
2026-02-27T09:03:07.0627159Z /* assert on the output */
2026-02-27T09:03:07.0627311Z 
2026-02-27T09:03:07.0627866Z This ensures that you're testing the behavior the user would see in the browser. Learn more at https://reactjs.org/link/wrap-tests-with-act
2026-02-27T09:03:07.0628730Z     at AuthView (/home/runner/work/AndamanBazaarApp/AndamanBazaarApp/tests/unit/auth.test.tsx:14:51)
2026-02-27T09:03:07.0629612Z     at Router (/home/runner/work/AndamanBazaarApp/AndamanBazaarApp/node_modules/react-router/dist/umd/react-router.development.js:1174:17)
2026-02-27T09:03:07.0630929Z     at BrowserRouter (/home/runner/work/AndamanBazaarApp/AndamanBazaarApp/node_modules/react-router-dom/dist/umd/react-router-dom.development.js:694:7)
2026-02-27T09:03:07.0631522Z 
2026-02-27T09:03:07.0676433Z [90mstderr[2m | tests/unit/auth.test.tsx[2m > [22m[2mAuthView Component[2m > [22m[2mvalidates password length[22m[39m
2026-02-27T09:03:07.0683304Z Warning: An update to AuthView inside a test was not wrapped in act(...).
2026-02-27T09:03:07.0699950Z 
2026-02-27T09:03:07.0700984Z When testing, code that causes React state updates should be wrapped into act(...):
2026-02-27T09:03:07.0701636Z 
2026-02-27T09:03:07.0701793Z act(() => {
2026-02-27T09:03:07.0702217Z   /* fire events that update state */
2026-02-27T09:03:07.0702678Z });
2026-02-27T09:03:07.0703038Z /* assert on the output */
2026-02-27T09:03:07.0703327Z 
2026-02-27T09:03:07.0704367Z This ensures that you're testing the behavior the user would see in the browser. Learn more at https://reactjs.org/link/wrap-tests-with-act
2026-02-27T09:03:07.0705980Z     at AuthView (/home/runner/work/AndamanBazaarApp/AndamanBazaarApp/tests/unit/auth.test.tsx:14:51)
2026-02-27T09:03:07.0707710Z     at Router (/home/runner/work/AndamanBazaarApp/AndamanBazaarApp/node_modules/react-router/dist/umd/react-router.development.js:1174:17)
2026-02-27T09:03:07.0709805Z     at BrowserRouter (/home/runner/work/AndamanBazaarApp/AndamanBazaarApp/node_modules/react-router-dom/dist/umd/react-router-dom.development.js:694:7)
2026-02-27T09:03:07.0711152Z 
2026-02-27T09:03:07.0732067Z [90mstderr[2m | tests/unit/auth.test.tsx[2m > [22m[2mAuthView Component[2m > [22m[2mvalidates password length[22m[39m
2026-02-27T09:03:07.0733712Z Warning: An update to AuthView inside a test was not wrapped in act(...).
2026-02-27T09:03:07.0734479Z 
2026-02-27T09:03:07.0735431Z When testing, code that causes React state updates should be wrapped into act(...):
2026-02-27T09:03:07.0736286Z 
2026-02-27T09:03:07.0736499Z act(() => {
2026-02-27T09:03:07.0736895Z   /* fire events that update state */
2026-02-27T09:03:07.0737302Z });
2026-02-27T09:03:07.0737618Z /* assert on the output */
2026-02-27T09:03:07.0737873Z 
2026-02-27T09:03:07.0738842Z This ensures that you're testing the behavior the user would see in the browser. Learn more at https://reactjs.org/link/wrap-tests-with-act
2026-02-27T09:03:07.0740624Z     at AuthView (/home/runner/work/AndamanBazaarApp/AndamanBazaarApp/tests/unit/auth.test.tsx:14:51)
2026-02-27T09:03:07.0742768Z     at Router (/home/runner/work/AndamanBazaarApp/AndamanBazaarApp/node_modules/react-router/dist/umd/react-router.development.js:1174:17)
2026-02-27T09:03:07.0744788Z     at BrowserRouter (/home/runner/work/AndamanBazaarApp/AndamanBazaarApp/node_modules/react-router-dom/dist/umd/react-router-dom.development.js:694:7)
2026-02-27T09:03:07.0745911Z 
2026-02-27T09:03:07.0747101Z [90mstderr[2m | tests/unit/auth.test.tsx[2m > [22m[2mAuthView Component[2m > [22m[2mvalidates password length[22m[39m
2026-02-27T09:03:07.0748435Z Warning: An update to AuthView inside a test was not wrapped in act(...).
2026-02-27T09:03:07.0748971Z 
2026-02-27T09:03:07.0749546Z When testing, code that causes React state updates should be wrapped into act(...):
2026-02-27T09:03:07.0750137Z 
2026-02-27T09:03:07.0750280Z act(() => {
2026-02-27T09:03:07.0750895Z   /* fire events that update state */
2026-02-27T09:03:07.0751363Z });
2026-02-27T09:03:07.0751717Z /* assert on the output */
2026-02-27T09:03:07.0751995Z 
2026-02-27T09:03:07.0753010Z This ensures that you're testing the behavior the user would see in the browser. Learn more at https://reactjs.org/link/wrap-tests-with-act
2026-02-27T09:03:07.0754574Z     at AuthView (/home/runner/work/AndamanBazaarApp/AndamanBazaarApp/tests/unit/auth.test.tsx:14:51)
2026-02-27T09:03:07.0756238Z     at Router (/home/runner/work/AndamanBazaarApp/AndamanBazaarApp/node_modules/react-router/dist/umd/react-router.development.js:1174:17)
2026-02-27T09:03:07.0758277Z     at BrowserRouter (/home/runner/work/AndamanBazaarApp/AndamanBazaarApp/node_modules/react-router-dom/dist/umd/react-router-dom.development.js:694:7)
2026-02-27T09:03:07.0759371Z 
2026-02-27T09:03:07.0765993Z [90mstderr[2m | tests/unit/auth.test.tsx[2m > [22m[2mAuthView Component[2m > [22m[2mvalidates password length[22m[39m
2026-02-27T09:03:07.0767344Z Warning: An update to AuthView inside a test was not wrapped in act(...).
2026-02-27T09:03:07.0767899Z 
2026-02-27T09:03:07.0768743Z When testing, code that causes React state updates should be wrapped into act(...):
2026-02-27T09:03:07.0769591Z 
2026-02-27T09:03:07.0769730Z act(() => {
2026-02-27T09:03:07.0770119Z   /* fire events that update state */
2026-02-27T09:03:07.0771422Z });
2026-02-27T09:03:07.0771775Z /* assert on the output */
2026-02-27T09:03:07.0772043Z 
2026-02-27T09:03:07.0773083Z This ensures that you're testing the behavior the user would see in the browser. Learn more at https://reactjs.org/link/wrap-tests-with-act
2026-02-27T09:03:07.0774679Z     at AuthView (/home/runner/work/AndamanBazaarApp/AndamanBazaarApp/tests/unit/auth.test.tsx:14:51)
2026-02-27T09:03:07.0776471Z     at Router (/home/runner/work/AndamanBazaarApp/AndamanBazaarApp/node_modules/react-router/dist/umd/react-router.development.js:1174:17)
2026-02-27T09:03:07.0778650Z     at BrowserRouter (/home/runner/work/AndamanBazaarApp/AndamanBazaarApp/node_modules/react-router-dom/dist/umd/react-router-dom.development.js:694:7)
2026-02-27T09:03:07.0779793Z 
2026-02-27T09:03:07.0781240Z [90mstderr[2m | tests/unit/auth.test.tsx[2m > [22m[2mAuthView Component[2m > [22m[2mvalidates password length[22m[39m
2026-02-27T09:03:07.0782853Z Warning: An update to AuthView inside a test was not wrapped in act(...).
2026-02-27T09:03:07.0783445Z 
2026-02-27T09:03:07.0784111Z When testing, code that causes React state updates should be wrapped into act(...):
2026-02-27T09:03:07.0786719Z 
2026-02-27T09:03:07.0786903Z act(() => {
2026-02-27T09:03:07.0787341Z   /* fire events that update state */
2026-02-27T09:03:07.0787832Z });
2026-02-27T09:03:07.0788187Z /* assert on the output */
2026-02-27T09:03:07.0788485Z 
2026-02-27T09:03:07.0789574Z This ensures that you're testing the behavior the user would see in the browser. Learn more at https://reactjs.org/link/wrap-tests-with-act
2026-02-27T09:03:07.0791441Z     at AuthView (/home/runner/work/AndamanBazaarApp/AndamanBazaarApp/tests/unit/auth.test.tsx:14:51)
2026-02-27T09:03:07.0793456Z     at Router (/home/runner/work/AndamanBazaarApp/AndamanBazaarApp/node_modules/react-router/dist/umd/react-router.development.js:1174:17)
2026-02-27T09:03:07.0795481Z     at BrowserRouter (/home/runner/work/AndamanBazaarApp/AndamanBazaarApp/node_modules/react-router-dom/dist/umd/react-router-dom.development.js:694:7)
2026-02-27T09:03:07.0796590Z 
2026-02-27T09:03:07.0852964Z [90mstderr[2m | tests/unit/auth.test.tsx[2m > [22m[2mAuthView Component[2m > [22m[2mvalidates password length[22m[39m
2026-02-27T09:03:07.0866354Z Warning: An update to AuthView inside a test was not wrapped in act(...).
2026-02-27T09:03:07.0866907Z 
2026-02-27T09:03:07.0867493Z When testing, code that causes React state updates should be wrapped into act(...):
2026-02-27T09:03:07.0868107Z 
2026-02-27T09:03:07.0868266Z act(() => {
2026-02-27T09:03:07.0868695Z   /* fire events that update state */
2026-02-27T09:03:07.0869136Z });
2026-02-27T09:03:07.0869504Z /* assert on the output */
2026-02-27T09:03:07.0869780Z 
2026-02-27T09:03:07.0870935Z This ensures that you're testing the behavior the user would see in the browser. Learn more at https://reactjs.org/link/wrap-tests-with-act
2026-02-27T09:03:07.0872483Z     at AuthView (/home/runner/work/AndamanBazaarApp/AndamanBazaarApp/tests/unit/auth.test.tsx:14:51)
2026-02-27T09:03:07.0874107Z     at Router (/home/runner/work/AndamanBazaarApp/AndamanBazaarApp/node_modules/react-router/dist/umd/react-router.development.js:1174:17)
2026-02-27T09:03:07.0876122Z     at BrowserRouter (/home/runner/work/AndamanBazaarApp/AndamanBazaarApp/node_modules/react-router-dom/dist/umd/react-router-dom.development.js:694:7)
2026-02-27T09:03:07.0877341Z 
2026-02-27T09:03:07.0878513Z [90mstderr[2m | tests/unit/auth.test.tsx[2m > [22m[2mAuthView Component[2m > [22m[2mvalidates password length[22m[39m
2026-02-27T09:03:07.0879771Z Warning: An update to AuthView inside a test was not wrapped in act(...).
2026-02-27T09:03:07.0880288Z 
2026-02-27T09:03:07.0881071Z When testing, code that causes React state updates should be wrapped into act(...):
2026-02-27T09:03:07.0882017Z 
2026-02-27T09:03:07.0882162Z act(() => {
2026-02-27T09:03:07.0882555Z   /* fire events that update state */
2026-02-27T09:03:07.0882995Z });
2026-02-27T09:03:07.0883329Z /* assert on the output */
2026-02-27T09:03:07.0883589Z 
2026-02-27T09:03:07.0884586Z This ensures that you're testing the behavior the user would see in the browser. Learn more at https://reactjs.org/link/wrap-tests-with-act
2026-02-27T09:03:07.0886154Z     at AuthView (/home/runner/work/AndamanBazaarApp/AndamanBazaarApp/tests/unit/auth.test.tsx:14:51)
2026-02-27T09:03:07.0887774Z     at Router (/home/runner/work/AndamanBazaarApp/AndamanBazaarApp/node_modules/react-router/dist/umd/react-router.development.js:1174:17)
2026-02-27T09:03:07.0889907Z     at BrowserRouter (/home/runner/work/AndamanBazaarApp/AndamanBazaarApp/node_modules/react-router-dom/dist/umd/react-router-dom.development.js:694:7)
2026-02-27T09:03:07.0891228Z 
2026-02-27T09:03:07.0958054Z [90mstderr[2m | tests/unit/auth.test.tsx[2m > [22m[2mAuthView Component[2m > [22m[2mvalidates password length[22m[39m
2026-02-27T09:03:07.0959541Z Warning: An update to AuthView inside a test was not wrapped in act(...).
2026-02-27T09:03:07.0960076Z 
2026-02-27T09:03:07.0960943Z When testing, code that causes React state updates should be wrapped into act(...):
2026-02-27T09:03:07.0961551Z 
2026-02-27T09:03:07.0961696Z act(() => {
2026-02-27T09:03:07.0962097Z   /* fire events that update state */
2026-02-27T09:03:07.0962544Z });
2026-02-27T09:03:07.0962894Z /* assert on the output */
2026-02-27T09:03:07.0963157Z 
2026-02-27T09:03:07.0964229Z This ensures that you're testing the behavior the user would see in the browser. Learn more at https://reactjs.org/link/wrap-tests-with-act
2026-02-27T09:03:07.0965853Z     at AuthView (/home/runner/work/AndamanBazaarApp/AndamanBazaarApp/tests/unit/auth.test.tsx:14:51)
2026-02-27T09:03:07.0967583Z     at Router (/home/runner/work/AndamanBazaarApp/AndamanBazaarApp/node_modules/react-router/dist/umd/react-router.development.js:1174:17)
2026-02-27T09:03:07.0970013Z     at BrowserRouter (/home/runner/work/AndamanBazaarApp/AndamanBazaarApp/node_modules/react-router-dom/dist/umd/react-router-dom.development.js:694:7)
2026-02-27T09:03:07.0971581Z 
2026-02-27T09:03:07.0972734Z [90mstderr[2m | tests/unit/auth.test.tsx[2m > [22m[2mAuthView Component[2m > [22m[2mvalidates password length[22m[39m
2026-02-27T09:03:07.0974050Z Warning: An update to AuthView inside a test was not wrapped in act(...).
2026-02-27T09:03:07.0974569Z 
2026-02-27T09:03:07.0975154Z When testing, code that causes React state updates should be wrapped into act(...):
2026-02-27T09:03:07.0975737Z 
2026-02-27T09:03:07.0975874Z act(() => {
2026-02-27T09:03:07.0976269Z   /* fire events that update state */
2026-02-27T09:03:07.0976707Z });
2026-02-27T09:03:07.0977046Z /* assert on the output */
2026-02-27T09:03:07.0977301Z 
2026-02-27T09:03:07.0978331Z This ensures that you're testing the behavior the user would see in the browser. Learn more at https://reactjs.org/link/wrap-tests-with-act
2026-02-27T09:03:07.0979941Z     at AuthView (/home/runner/work/AndamanBazaarApp/AndamanBazaarApp/tests/unit/auth.test.tsx:14:51)
2026-02-27T09:03:07.0987078Z     at Router (/home/runner/work/AndamanBazaarApp/AndamanBazaarApp/node_modules/react-router/dist/umd/react-router.development.js:1174:17)
2026-02-27T09:03:07.1012036Z     at BrowserRouter (/home/runner/work/AndamanBazaarApp/AndamanBazaarApp/node_modules/react-router-dom/dist/umd/react-router-dom.development.js:694:7)
2026-02-27T09:03:07.1013188Z 
2026-02-27T09:03:07.1014474Z [90mstderr[2m | tests/unit/auth.test.tsx[2m > [22m[2mAuthView Component[2m > [22m[2mvalidates password length[22m[39m
2026-02-27T09:03:07.1015747Z Warning: An update to AuthView inside a test was not wrapped in act(...).
2026-02-27T09:03:07.1016237Z 
2026-02-27T09:03:07.1016783Z When testing, code that causes React state updates should be wrapped into act(...):
2026-02-27T09:03:07.1017397Z 
2026-02-27T09:03:07.1017547Z act(() => {
2026-02-27T09:03:07.1017931Z   /* fire events that update state */
2026-02-27T09:03:07.1018731Z });
2026-02-27T09:03:07.1019066Z /* assert on the output */
2026-02-27T09:03:07.1019320Z 
2026-02-27T09:03:07.1020351Z This ensures that you're testing the behavior the user would see in the browser. Learn more at https://reactjs.org/link/wrap-tests-with-act
2026-02-27T09:03:07.1022152Z     at AuthView (/home/runner/work/AndamanBazaarApp/AndamanBazaarApp/tests/unit/auth.test.tsx:14:51)
2026-02-27T09:03:07.1023828Z     at Router (/home/runner/work/AndamanBazaarApp/AndamanBazaarApp/node_modules/react-router/dist/umd/react-router.development.js:1174:17)
2026-02-27T09:03:07.1025937Z     at BrowserRouter (/home/runner/work/AndamanBazaarApp/AndamanBazaarApp/node_modules/react-router-dom/dist/umd/react-router-dom.development.js:694:7)
2026-02-27T09:03:07.1027044Z 
2026-02-27T09:03:07.1146195Z [90mstderr[2m | tests/unit/auth.test.tsx[2m > [22m[2mAuthView Component[2m > [22m[2mvalidates password length[22m[39m
2026-02-27T09:03:07.1147691Z Warning: An update to AuthView inside a test was not wrapped in act(...).
2026-02-27T09:03:07.1148246Z 
2026-02-27T09:03:07.1148842Z When testing, code that causes React state updates should be wrapped into act(...):
2026-02-27T09:03:07.1149444Z 
2026-02-27T09:03:07.1149593Z act(() => {
2026-02-27T09:03:07.1149995Z   /* fire events that update state */
2026-02-27T09:03:07.1150618Z });
2026-02-27T09:03:07.1150982Z /* assert on the output */
2026-02-27T09:03:07.1151250Z 
2026-02-27T09:03:07.1152301Z This ensures that you're testing the behavior the user would see in the browser. Learn more at https://reactjs.org/link/wrap-tests-with-act
2026-02-27T09:03:07.1153905Z     at AuthView (/home/runner/work/AndamanBazaarApp/AndamanBazaarApp/tests/unit/auth.test.tsx:14:51)
2026-02-27T09:03:07.1155584Z     at Router (/home/runner/work/AndamanBazaarApp/AndamanBazaarApp/node_modules/react-router/dist/umd/react-router.development.js:1174:17)
2026-02-27T09:03:07.1158077Z     at BrowserRouter (/home/runner/work/AndamanBazaarApp/AndamanBazaarApp/node_modules/react-router-dom/dist/umd/react-router-dom.development.js:694:7)
2026-02-27T09:03:07.1159213Z 
2026-02-27T09:03:07.1174453Z [90mstderr[2m | tests/unit/auth.test.tsx[2m > [22m[2mAuthView Component[2m > [22m[2mvalidates password length[22m[39m
2026-02-27T09:03:07.1175805Z Warning: An update to AuthView inside a test was not wrapped in act(...).
2026-02-27T09:03:07.1176338Z 
2026-02-27T09:03:07.1176920Z When testing, code that causes React state updates should be wrapped into act(...):
2026-02-27T09:03:07.1177511Z 
2026-02-27T09:03:07.1177653Z act(() => {
2026-02-27T09:03:07.1178041Z   /* fire events that update state */
2026-02-27T09:03:07.1178485Z });
2026-02-27T09:03:07.1178832Z /* assert on the output */
2026-02-27T09:03:07.1179092Z 
2026-02-27T09:03:07.1180115Z This ensures that you're testing the behavior the user would see in the browser. Learn more at https://reactjs.org/link/wrap-tests-with-act
2026-02-27T09:03:07.1181903Z     at AuthView (/home/runner/work/AndamanBazaarApp/AndamanBazaarApp/tests/unit/auth.test.tsx:14:51)
2026-02-27T09:03:07.1183588Z     at Router (/home/runner/work/AndamanBazaarApp/AndamanBazaarApp/node_modules/react-router/dist/umd/react-router.development.js:1174:17)
2026-02-27T09:03:07.1185642Z     at BrowserRouter (/home/runner/work/AndamanBazaarApp/AndamanBazaarApp/node_modules/react-router-dom/dist/umd/react-router-dom.development.js:694:7)
2026-02-27T09:03:07.1186742Z 
2026-02-27T09:03:07.1203309Z [90mstderr[2m | tests/unit/auth.test.tsx[2m > [22m[2mAuthView Component[2m > [22m[2mvalidates password length[22m[39m
2026-02-27T09:03:07.1206911Z Warning: An update to AuthView inside a test was not wrapped in act(...).
2026-02-27T09:03:07.1207495Z 
2026-02-27T09:03:07.1208110Z When testing, code that causes React state updates should be wrapped into act(...):
2026-02-27T09:03:07.1208737Z 
2026-02-27T09:03:07.1208916Z act(() => {
2026-02-27T09:03:07.1209369Z   /* fire events that update state */
2026-02-27T09:03:07.1209834Z });
2026-02-27T09:03:07.1210931Z /* assert on the output */
2026-02-27T09:03:07.1211226Z 
2026-02-27T09:03:07.1212312Z This ensures that you're testing the behavior the user would see in the browser. Learn more at https://reactjs.org/link/wrap-tests-with-act
2026-02-27T09:03:07.1214012Z     at AuthView (/home/runner/work/AndamanBazaarApp/AndamanBazaarApp/tests/unit/auth.test.tsx:14:51)
2026-02-27T09:03:07.1215871Z     at Router (/home/runner/work/AndamanBazaarApp/AndamanBazaarApp/node_modules/react-router/dist/umd/react-router.development.js:1174:17)
2026-02-27T09:03:07.1218040Z     at BrowserRouter (/home/runner/work/AndamanBazaarApp/AndamanBazaarApp/node_modules/react-router-dom/dist/umd/react-router-dom.development.js:694:7)
2026-02-27T09:03:07.1219224Z 
2026-02-27T09:03:07.1329315Z [90mstderr[2m | tests/unit/auth.test.tsx[2m > [22m[2mAuthView Component[2m > [22m[2mvalidates password length[22m[39m
2026-02-27T09:03:07.1330241Z Warning: An update to AuthView inside a test was not wrapped in act(...).
2026-02-27T09:03:07.1330863Z 
2026-02-27T09:03:07.1331200Z When testing, code that causes React state updates should be wrapped into act(...):
2026-02-27T09:03:07.1331525Z 
2026-02-27T09:03:07.1331606Z act(() => {
2026-02-27T09:03:07.1331843Z   /* fire events that update state */
2026-02-27T09:03:07.1332097Z });
2026-02-27T09:03:07.1332303Z /* assert on the output */
2026-02-27T09:03:07.1332459Z 
2026-02-27T09:03:07.1333016Z This ensures that you're testing the behavior the user would see in the browser. Learn more at https://reactjs.org/link/wrap-tests-with-act
2026-02-27T09:03:07.1333883Z     at AuthView (/home/runner/work/AndamanBazaarApp/AndamanBazaarApp/tests/unit/auth.test.tsx:14:51)
2026-02-27T09:03:07.1334797Z     at Router (/home/runner/work/AndamanBazaarApp/AndamanBazaarApp/node_modules/react-router/dist/umd/react-router.development.js:1174:17)
2026-02-27T09:03:07.1335886Z     at BrowserRouter (/home/runner/work/AndamanBazaarApp/AndamanBazaarApp/node_modules/react-router-dom/dist/umd/react-router-dom.development.js:694:7)
2026-02-27T09:03:07.1337427Z 
2026-02-27T09:03:07.1540302Z [90mstderr[2m | tests/unit/auth.test.tsx[2m > [22m[2mAuthView Component[2m > [22m[2mshows loading state during submission[22m[39m
2026-02-27T09:03:07.1542409Z Warning: An update to AuthView inside a test was not wrapped in act(...).
2026-02-27T09:03:07.1543000Z 
2026-02-27T09:03:07.1543635Z When testing, code that causes React state updates should be wrapped into act(...):
2026-02-27T09:03:07.1544266Z 
2026-02-27T09:03:07.1544423Z act(() => {
2026-02-27T09:03:07.1544861Z   /* fire events that update state */
2026-02-27T09:03:07.1545323Z });
2026-02-27T09:03:07.1545683Z /* assert on the output */
2026-02-27T09:03:07.1545990Z 
2026-02-27T09:03:07.1547253Z This ensures that you're testing the behavior the user would see in the browser. Learn more at https://reactjs.org/link/wrap-tests-with-act
2026-02-27T09:03:07.1549005Z     at AuthView (/home/runner/work/AndamanBazaarApp/AndamanBazaarApp/tests/unit/auth.test.tsx:14:51)
2026-02-27T09:03:07.1551067Z     at Router (/home/runner/work/AndamanBazaarApp/AndamanBazaarApp/node_modules/react-router/dist/umd/react-router.development.js:1174:17)
2026-02-27T09:03:07.1553253Z     at BrowserRouter (/home/runner/work/AndamanBazaarApp/AndamanBazaarApp/node_modules/react-router-dom/dist/umd/react-router-dom.development.js:694:7)
2026-02-27T09:03:07.1554436Z 
2026-02-27T09:03:07.1590579Z [90mstderr[2m | tests/unit/auth.test.tsx[2m > [22m[2mAuthView Component[2m > [22m[2mshows loading state during submission[22m[39m
2026-02-27T09:03:07.1592347Z Warning: An update to AuthView inside a test was not wrapped in act(...).
2026-02-27T09:03:07.1593839Z 
2026-02-27T09:03:07.1594767Z When testing, code that causes React state updates should be wrapped into act(...):
2026-02-27T09:03:07.1596109Z 
2026-02-27T09:03:07.1596537Z act(() => {
2026-02-27T09:03:07.1598290Z   /* fire events that update state */
2026-02-27T09:03:07.1598840Z });
2026-02-27T09:03:07.1600244Z /* assert on the output */
2026-02-27T09:03:07.1601181Z 
2026-02-27T09:03:07.1602301Z This ensures that you're testing the behavior the user would see in the browser. Learn more at https://reactjs.org/link/wrap-tests-with-act
2026-02-27T09:03:07.1604024Z     at AuthView (/home/runner/work/AndamanBazaarApp/AndamanBazaarApp/tests/unit/auth.test.tsx:14:51)
2026-02-27T09:03:07.1605804Z     at Router (/home/runner/work/AndamanBazaarApp/AndamanBazaarApp/node_modules/react-router/dist/umd/react-router.development.js:1174:17)
2026-02-27T09:03:07.1608000Z     at BrowserRouter (/home/runner/work/AndamanBazaarApp/AndamanBazaarApp/node_modules/react-router-dom/dist/umd/react-router-dom.development.js:694:7)
2026-02-27T09:03:07.1609195Z 
2026-02-27T09:03:07.1610738Z [90mstderr[2m | tests/unit/auth.test.tsx[2m > [22m[2mAuthView Component[2m > [22m[2mshows loading state during submission[22m[39m
2026-02-27T09:03:07.1612264Z Warning: An update to AuthView inside a test was not wrapped in act(...).
2026-02-27T09:03:07.1612832Z 
2026-02-27T09:03:07.1613436Z When testing, code that causes React state updates should be wrapped into act(...):
2026-02-27T09:03:07.1614074Z 
2026-02-27T09:03:07.1614259Z act(() => {
2026-02-27T09:03:07.1614686Z   /* fire events that update state */
2026-02-27T09:03:07.1615164Z });
2026-02-27T09:03:07.1615540Z /* assert on the output */
2026-02-27T09:03:07.1615815Z 
2026-02-27T09:03:07.1616854Z This ensures that you're testing the behavior the user would see in the browser. Learn more at https://reactjs.org/link/wrap-tests-with-act
2026-02-27T09:03:07.1618549Z     at AuthView (/home/runner/work/AndamanBazaarApp/AndamanBazaarApp/tests/unit/auth.test.tsx:14:51)
2026-02-27T09:03:07.1620628Z     at Router (/home/runner/work/AndamanBazaarApp/AndamanBazaarApp/node_modules/react-router/dist/umd/react-router.development.js:1174:17)
2026-02-27T09:03:07.1622701Z     at BrowserRouter (/home/runner/work/AndamanBazaarApp/AndamanBazaarApp/node_modules/react-router-dom/dist/umd/react-router-dom.development.js:694:7)
2026-02-27T09:03:07.1625107Z 
2026-02-27T09:03:07.1626385Z [90mstderr[2m | tests/unit/auth.test.tsx[2m > [22m[2mAuthView Component[2m > [22m[2mshows loading state during submission[22m[39m
2026-02-27T09:03:07.1627854Z Warning: An update to AuthView inside a test was not wrapped in act(...).
2026-02-27T09:03:07.1628431Z 
2026-02-27T09:03:07.1629053Z When testing, code that causes React state updates should be wrapped into act(...):
2026-02-27T09:03:07.1629706Z 
2026-02-27T09:03:07.1629889Z act(() => {
2026-02-27T09:03:07.1630315Z   /* fire events that update state */
2026-02-27T09:03:07.1631982Z });
2026-02-27T09:03:07.1632362Z /* assert on the output */
2026-02-27T09:03:07.1632653Z 
2026-02-27T09:03:07.1633710Z This ensures that you're testing the behavior the user would see in the browser. Learn more at https://reactjs.org/link/wrap-tests-with-act
2026-02-27T09:03:07.1635375Z     at AuthView (/home/runner/work/AndamanBazaarApp/AndamanBazaarApp/tests/unit/auth.test.tsx:14:51)
2026-02-27T09:03:07.1637216Z     at Router (/home/runner/work/AndamanBazaarApp/AndamanBazaarApp/node_modules/react-router/dist/umd/react-router.development.js:1174:17)
2026-02-27T09:03:07.1639442Z     at BrowserRouter (/home/runner/work/AndamanBazaarApp/AndamanBazaarApp/node_modules/react-router-dom/dist/umd/react-router-dom.development.js:694:7)
2026-02-27T09:03:07.1640877Z 
2026-02-27T09:03:07.1664757Z [90mstderr[2m | tests/unit/auth.test.tsx[2m > [22m[2mAuthView Component[2m > [22m[2mshows loading state during submission[22m[39m
2026-02-27T09:03:07.1670233Z Warning: An update to AuthView inside a test was not wrapped in act(...).
2026-02-27T09:03:07.1671213Z 
2026-02-27T09:03:07.1671768Z When testing, code that causes React state updates should be wrapped into act(...):
2026-02-27T09:03:07.1672319Z 
2026-02-27T09:03:07.1672448Z act(() => {
2026-02-27T09:03:07.1672807Z   /* fire events that update state */
2026-02-27T09:03:07.1673226Z });
2026-02-27T09:03:07.1673591Z /* assert on the output */
2026-02-27T09:03:07.1673850Z 
2026-02-27T09:03:07.1674788Z This ensures that you're testing the behavior the user would see in the browser. Learn more at https://reactjs.org/link/wrap-tests-with-act
2026-02-27T09:03:07.1676943Z     at AuthView (/home/runner/work/AndamanBazaarApp/AndamanBazaarApp/tests/unit/auth.test.tsx:14:51)
2026-02-27T09:03:07.1678680Z     at Router (/home/runner/work/AndamanBazaarApp/AndamanBazaarApp/node_modules/react-router/dist/umd/react-router.development.js:1174:17)
2026-02-27T09:03:07.1681913Z     at BrowserRouter (/home/runner/work/AndamanBazaarApp/AndamanBazaarApp/node_modules/react-router-dom/dist/umd/react-router-dom.development.js:694:7)
2026-02-27T09:03:07.1683158Z 
2026-02-27T09:03:07.1702747Z [90mstderr[2m | tests/unit/auth.test.tsx[2m > [22m[2mAuthView Component[2m > [22m[2mshows loading state during submission[22m[39m
2026-02-27T09:03:07.1705657Z Warning: An update to AuthView inside a test was not wrapped in act(...).
2026-02-27T09:03:07.1715394Z 
2026-02-27T09:03:07.1719812Z When testing, code that causes React state updates should be wrapped into act(...):
2026-02-27T09:03:07.1722678Z 
2026-02-27T09:03:07.1722867Z act(() => {
2026-02-27T09:03:07.1724998Z   /* fire events that update state */
2026-02-27T09:03:07.1726355Z });
2026-02-27T09:03:07.1726741Z /* assert on the output */
2026-02-27T09:03:07.1727032Z 
2026-02-27T09:03:07.1728077Z This ensures that you're testing the behavior the user would see in the browser. Learn more at https://reactjs.org/link/wrap-tests-with-act
2026-02-27T09:03:07.1729774Z     at AuthView (/home/runner/work/AndamanBazaarApp/AndamanBazaarApp/tests/unit/auth.test.tsx:14:51)
2026-02-27T09:03:07.1731726Z     at Router (/home/runner/work/AndamanBazaarApp/AndamanBazaarApp/node_modules/react-router/dist/umd/react-router.development.js:1174:17)
2026-02-27T09:03:07.1733889Z     at BrowserRouter (/home/runner/work/AndamanBazaarApp/AndamanBazaarApp/node_modules/react-router-dom/dist/umd/react-router-dom.development.js:694:7)
2026-02-27T09:03:07.1735500Z 
2026-02-27T09:03:07.1736851Z [90mstderr[2m | tests/unit/auth.test.tsx[2m > [22m[2mAuthView Component[2m > [22m[2mshows loading state during submission[22m[39m
2026-02-27T09:03:07.1738341Z Warning: An update to AuthView inside a test was not wrapped in act(...).
2026-02-27T09:03:07.1738895Z 
2026-02-27T09:03:07.1739482Z When testing, code that causes React state updates should be wrapped into act(...):
2026-02-27T09:03:07.1740083Z 
2026-02-27T09:03:07.1740229Z act(() => {
2026-02-27T09:03:07.1740864Z   /* fire events that update state */
2026-02-27T09:03:07.1741335Z });
2026-02-27T09:03:07.1741697Z /* assert on the output */
2026-02-27T09:03:07.1741969Z 
2026-02-27T09:03:07.1742990Z This ensures that you're testing the behavior the user would see in the browser. Learn more at https://reactjs.org/link/wrap-tests-with-act
2026-02-27T09:03:07.1744609Z     at AuthView (/home/runner/work/AndamanBazaarApp/AndamanBazaarApp/tests/unit/auth.test.tsx:14:51)
2026-02-27T09:03:07.1746361Z     at Router (/home/runner/work/AndamanBazaarApp/AndamanBazaarApp/node_modules/react-router/dist/umd/react-router.development.js:1174:17)
2026-02-27T09:03:07.1748483Z     at BrowserRouter (/home/runner/work/AndamanBazaarApp/AndamanBazaarApp/node_modules/react-router-dom/dist/umd/react-router-dom.development.js:694:7)
2026-02-27T09:03:07.1749594Z 
2026-02-27T09:03:07.1777888Z [90mstderr[2m | tests/unit/auth.test.tsx[2m > [22m[2mAuthView Component[2m > [22m[2mshows loading state during submission[22m[39m
2026-02-27T09:03:07.1780010Z Warning: An update to AuthView inside a test was not wrapped in act(...).
2026-02-27T09:03:07.1780771Z 
2026-02-27T09:03:07.1781352Z When testing, code that causes React state updates should be wrapped into act(...):
2026-02-27T09:03:07.1781942Z 
2026-02-27T09:03:07.1782082Z act(() => {
2026-02-27T09:03:07.1782483Z   /* fire events that update state */
2026-02-27T09:03:07.1782936Z });
2026-02-27T09:03:07.1783283Z /* assert on the output */
2026-02-27T09:03:07.1783588Z 
2026-02-27T09:03:07.1784626Z This ensures that you're testing the behavior the user would see in the browser. Learn more at https://reactjs.org/link/wrap-tests-with-act
2026-02-27T09:03:07.1786673Z     at AuthView (/home/runner/work/AndamanBazaarApp/AndamanBazaarApp/tests/unit/auth.test.tsx:14:51)
2026-02-27T09:03:07.1788373Z     at Router (/home/runner/work/AndamanBazaarApp/AndamanBazaarApp/node_modules/react-router/dist/umd/react-router.development.js:1174:17)
2026-02-27T09:03:07.1790648Z     at BrowserRouter (/home/runner/work/AndamanBazaarApp/AndamanBazaarApp/node_modules/react-router-dom/dist/umd/react-router-dom.development.js:694:7)
2026-02-27T09:03:07.1791786Z 
2026-02-27T09:03:07.1793073Z [90mstderr[2m | tests/unit/auth.test.tsx[2m > [22m[2mAuthView Component[2m > [22m[2mshows loading state during submission[22m[39m
2026-02-27T09:03:07.1794472Z Warning: An update to AuthView inside a test was not wrapped in act(...).
2026-02-27T09:03:07.1795010Z 
2026-02-27T09:03:07.1795615Z When testing, code that causes React state updates should be wrapped into act(...):
2026-02-27T09:03:07.1796232Z 
2026-02-27T09:03:07.1796371Z act(() => {
2026-02-27T09:03:07.1796772Z   /* fire events that update state */
2026-02-27T09:03:07.1797219Z });
2026-02-27T09:03:07.1797567Z /* assert on the output */
2026-02-27T09:03:07.1797831Z 
2026-02-27T09:03:07.1798815Z This ensures that you're testing the behavior the user would see in the browser. Learn more at https://reactjs.org/link/wrap-tests-with-act
2026-02-27T09:03:07.1800575Z     at AuthView (/home/runner/work/AndamanBazaarApp/AndamanBazaarApp/tests/unit/auth.test.tsx:14:51)
2026-02-27T09:03:07.1802231Z     at Router (/home/runner/work/AndamanBazaarApp/AndamanBazaarApp/node_modules/react-router/dist/umd/react-router.development.js:1174:17)
2026-02-27T09:03:07.1804339Z     at BrowserRouter (/home/runner/work/AndamanBazaarApp/AndamanBazaarApp/node_modules/react-router-dom/dist/umd/react-router-dom.development.js:694:7)
2026-02-27T09:03:07.1805464Z 
2026-02-27T09:03:07.1807067Z [90mstderr[2m | tests/unit/auth.test.tsx[2m > [22m[2mAuthView Component[2m > [22m[2mshows loading state during submission[22m[39m
2026-02-27T09:03:07.1808461Z Warning: An update to AuthView inside a test was not wrapped in act(...).
2026-02-27T09:03:07.1808993Z 
2026-02-27T09:03:07.1809589Z When testing, code that causes React state updates should be wrapped into act(...):
2026-02-27T09:03:07.1810198Z 
2026-02-27T09:03:07.1810351Z act(() => {
2026-02-27T09:03:07.1810989Z   /* fire events that update state */
2026-02-27T09:03:07.1811446Z });
2026-02-27T09:03:07.1811788Z /* assert on the output */
2026-02-27T09:03:07.1812060Z 
2026-02-27T09:03:07.1813107Z This ensures that you're testing the behavior the user would see in the browser. Learn more at https://reactjs.org/link/wrap-tests-with-act
2026-02-27T09:03:07.1814705Z     at AuthView (/home/runner/work/AndamanBazaarApp/AndamanBazaarApp/tests/unit/auth.test.tsx:14:51)
2026-02-27T09:03:07.1816471Z     at Router (/home/runner/work/AndamanBazaarApp/AndamanBazaarApp/node_modules/react-router/dist/umd/react-router.development.js:1174:17)
2026-02-27T09:03:07.1818591Z     at BrowserRouter (/home/runner/work/AndamanBazaarApp/AndamanBazaarApp/node_modules/react-router-dom/dist/umd/react-router-dom.development.js:694:7)
2026-02-27T09:03:07.1819713Z 
2026-02-27T09:03:07.1861717Z [90mstderr[2m | tests/unit/auth.test.tsx[2m > [22m[2mAuthView Component[2m > [22m[2mshows loading state during submission[22m[39m
2026-02-27T09:03:07.1863699Z Warning: An update to AuthView inside a test was not wrapped in act(...).
2026-02-27T09:03:07.1864261Z 
2026-02-27T09:03:07.1864865Z When testing, code that causes React state updates should be wrapped into act(...):
2026-02-27T09:03:07.1865454Z 
2026-02-27T09:03:07.1865597Z act(() => {
2026-02-27T09:03:07.1865993Z   /* fire events that update state */
2026-02-27T09:03:07.1866450Z });
2026-02-27T09:03:07.1866771Z /* assert on the output */
2026-02-27T09:03:07.1867036Z 
2026-02-27T09:03:07.1868104Z This ensures that you're testing the behavior the user would see in the browser. Learn more at https://reactjs.org/link/wrap-tests-with-act
2026-02-27T09:03:07.1883322Z     at AuthView (/home/runner/work/AndamanBazaarApp/AndamanBazaarApp/tests/unit/auth.test.tsx:14:51)
2026-02-27T09:03:07.1885076Z     at Router (/home/runner/work/AndamanBazaarApp/AndamanBazaarApp/node_modules/react-router/dist/umd/react-router.development.js:1174:17)
2026-02-27T09:03:07.1887179Z     at BrowserRouter (/home/runner/work/AndamanBazaarApp/AndamanBazaarApp/node_modules/react-router-dom/dist/umd/react-router-dom.development.js:694:7)
2026-02-27T09:03:07.1888292Z 
2026-02-27T09:03:07.1889568Z [90mstderr[2m | tests/unit/auth.test.tsx[2m > [22m[2mAuthView Component[2m > [22m[2mshows loading state during submission[22m[39m
2026-02-27T09:03:07.1891169Z Warning: An update to AuthView inside a test was not wrapped in act(...).
2026-02-27T09:03:07.1891705Z 
2026-02-27T09:03:07.1892291Z When testing, code that causes React state updates should be wrapped into act(...):
2026-02-27T09:03:07.1892912Z 
2026-02-27T09:03:07.1893085Z act(() => {
2026-02-27T09:03:07.1893482Z   /* fire events that update state */
2026-02-27T09:03:07.1893927Z });
2026-02-27T09:03:07.1894286Z /* assert on the output */
2026-02-27T09:03:07.1894543Z 
2026-02-27T09:03:07.1895605Z This ensures that you're testing the behavior the user would see in the browser. Learn more at https://reactjs.org/link/wrap-tests-with-act
2026-02-27T09:03:07.1897224Z     at AuthView (/home/runner/work/AndamanBazaarApp/AndamanBazaarApp/tests/unit/auth.test.tsx:14:51)
2026-02-27T09:03:07.1898937Z     at Router (/home/runner/work/AndamanBazaarApp/AndamanBazaarApp/node_modules/react-router/dist/umd/react-router.development.js:1174:17)
2026-02-27T09:03:07.1901207Z     at BrowserRouter (/home/runner/work/AndamanBazaarApp/AndamanBazaarApp/node_modules/react-router-dom/dist/umd/react-router-dom.development.js:694:7)
2026-02-27T09:03:07.1902356Z 
2026-02-27T09:03:07.1909799Z [90mstderr[2m | tests/unit/auth.test.tsx[2m > [22m[2mAuthView Component[2m > [22m[2mshows loading state during submission[22m[39m
2026-02-27T09:03:07.1912066Z Warning: An update to AuthView inside a test was not wrapped in act(...).
2026-02-27T09:03:07.1912665Z 
2026-02-27T09:03:07.1913287Z When testing, code that causes React state updates should be wrapped into act(...):
2026-02-27T09:03:07.1913902Z 
2026-02-27T09:03:07.1914062Z act(() => {
2026-02-27T09:03:07.1914471Z   /* fire events that update state */
2026-02-27T09:03:07.1914946Z });
2026-02-27T09:03:07.1915322Z /* assert on the output */
2026-02-27T09:03:07.1915668Z 
2026-02-27T09:03:07.1916715Z This ensures that you're testing the behavior the user would see in the browser. Learn more at https://reactjs.org/link/wrap-tests-with-act
2026-02-27T09:03:07.1917643Z     at AuthView (/home/runner/work/AndamanBazaarApp/AndamanBazaarApp/tests/unit/auth.test.tsx:14:51)
2026-02-27T09:03:07.1918538Z     at Router (/home/runner/work/AndamanBazaarApp/AndamanBazaarApp/node_modules/react-router/dist/umd/react-router.development.js:1174:17)
2026-02-27T09:03:07.1919649Z     at BrowserRouter (/home/runner/work/AndamanBazaarApp/AndamanBazaarApp/node_modules/react-router-dom/dist/umd/react-router-dom.development.js:694:7)
2026-02-27T09:03:07.1920234Z 
2026-02-27T09:03:07.1931431Z [90mstderr[2m | tests/unit/auth.test.tsx[2m > [22m[2mAuthView Component[2m > [22m[2mshows loading state during submission[22m[39m
2026-02-27T09:03:07.1937792Z Warning: An update to AuthView inside a test was not wrapped in act(...).
2026-02-27T09:03:07.1938387Z 
2026-02-27T09:03:07.1939004Z When testing, code that causes React state updates should be wrapped into act(...):
2026-02-27T09:03:07.1939654Z 
2026-02-27T09:03:07.1939827Z act(() => {
2026-02-27T09:03:07.1940233Z   /* fire events that update state */
2026-02-27T09:03:07.1940725Z });
2026-02-27T09:03:07.1940938Z /* assert on the output */
2026-02-27T09:03:07.1941095Z 
2026-02-27T09:03:07.1941663Z This ensures that you're testing the behavior the user would see in the browser. Learn more at https://reactjs.org/link/wrap-tests-with-act
2026-02-27T09:03:07.1942784Z     at AuthView (/home/runner/work/AndamanBazaarApp/AndamanBazaarApp/tests/unit/auth.test.tsx:14:51)
2026-02-27T09:03:07.1943685Z     at Router (/home/runner/work/AndamanBazaarApp/AndamanBazaarApp/node_modules/react-router/dist/umd/react-router.development.js:1174:17)
2026-02-27T09:03:07.1944767Z     at BrowserRouter (/home/runner/work/AndamanBazaarApp/AndamanBazaarApp/node_modules/react-router-dom/dist/umd/react-router-dom.development.js:694:7)
2026-02-27T09:03:07.1945343Z 
2026-02-27T09:03:07.1976755Z [90mstderr[2m | tests/unit/auth.test.tsx[2m > [22m[2mAuthView Component[2m > [22m[2mshows loading state during submission[22m[39m
2026-02-27T09:03:07.1978966Z Warning: An update to AuthView inside a test was not wrapped in act(...).
2026-02-27T09:03:07.1979650Z 
2026-02-27T09:03:07.1980573Z When testing, code that causes React state updates should be wrapped into act(...):
2026-02-27T09:03:07.1981642Z 
2026-02-27T09:03:07.1981953Z act(() => {
2026-02-27T09:03:07.1982570Z   /* fire events that update state */
2026-02-27T09:03:07.1983211Z });
2026-02-27T09:03:07.1983738Z /* assert on the output */
2026-02-27T09:03:07.1984319Z 
2026-02-27T09:03:07.1985455Z This ensures that you're testing the behavior the user would see in the browser. Learn more at https://reactjs.org/link/wrap-tests-with-act
2026-02-27T09:03:07.1990863Z     at AuthView (/home/runner/work/AndamanBazaarApp/AndamanBazaarApp/tests/unit/auth.test.tsx:14:51)
2026-02-27T09:03:07.1994296Z     at Router (/home/runner/work/AndamanBazaarApp/AndamanBazaarApp/node_modules/react-router/dist/umd/react-router.development.js:1174:17)
2026-02-27T09:03:07.1996353Z     at BrowserRouter (/home/runner/work/AndamanBazaarApp/AndamanBazaarApp/node_modules/react-router-dom/dist/umd/react-router-dom.development.js:694:7)
2026-02-27T09:03:07.1997389Z 
2026-02-27T09:03:07.1998573Z [90mstderr[2m | tests/unit/auth.test.tsx[2m > [22m[2mAuthView Component[2m > [22m[2mshows loading state during submission[22m[39m
2026-02-27T09:03:07.2000297Z Warning: An update to AuthView inside a test was not wrapped in act(...).
2026-02-27T09:03:07.2000953Z 
2026-02-27T09:03:07.2001505Z When testing, code that causes React state updates should be wrapped into act(...):
2026-02-27T09:03:07.2002084Z 
2026-02-27T09:03:07.2002239Z act(() => {
2026-02-27T09:03:07.2002607Z   /* fire events that update state */
2026-02-27T09:03:07.2003018Z });
2026-02-27T09:03:07.2003344Z /* assert on the output */
2026-02-27T09:03:07.2003591Z 
2026-02-27T09:03:07.2004616Z This ensures that you're testing the behavior the user would see in the browser. Learn more at https://reactjs.org/link/wrap-tests-with-act
2026-02-27T09:03:07.2006314Z     at AuthView (/home/runner/work/AndamanBazaarApp/AndamanBazaarApp/tests/unit/auth.test.tsx:14:51)
2026-02-27T09:03:07.2008131Z     at Router (/home/runner/work/AndamanBazaarApp/AndamanBazaarApp/node_modules/react-router/dist/umd/react-router.development.js:1174:17)
2026-02-27T09:03:07.2010600Z     at BrowserRouter (/home/runner/work/AndamanBazaarApp/AndamanBazaarApp/node_modules/react-router-dom/dist/umd/react-router-dom.development.js:694:7)
2026-02-27T09:03:07.2043064Z 
2026-02-27T09:03:07.2130033Z [90mstderr[2m | tests/unit/auth.test.tsx[2m > [22m[2mAuthView Component[2m > [22m[2mshows loading state during submission[22m[39m
2026-02-27T09:03:07.2131795Z Warning: An update to AuthView inside a test was not wrapped in act(...).
2026-02-27T09:03:07.2132336Z 
2026-02-27T09:03:07.2132946Z When testing, code that causes React state updates should be wrapped into act(...):
2026-02-27T09:03:07.2133589Z 
2026-02-27T09:03:07.2133752Z act(() => {
2026-02-27T09:03:07.2134177Z   /* fire events that update state */
2026-02-27T09:03:07.2134655Z });
2026-02-27T09:03:07.2135010Z /* assert on the output */
2026-02-27T09:03:07.2135269Z 
2026-02-27T09:03:07.2136329Z This ensures that you're testing the behavior the user would see in the browser. Learn more at https://reactjs.org/link/wrap-tests-with-act
2026-02-27T09:03:07.2138000Z     at AuthView (/home/runner/work/AndamanBazaarApp/AndamanBazaarApp/tests/unit/auth.test.tsx:14:51)
2026-02-27T09:03:07.2140268Z     at Router (/home/runner/work/AndamanBazaarApp/AndamanBazaarApp/node_modules/react-router/dist/umd/react-router.development.js:1174:17)
2026-02-27T09:03:07.2142722Z     at BrowserRouter (/home/runner/work/AndamanBazaarApp/AndamanBazaarApp/node_modules/react-router-dom/dist/umd/react-router-dom.development.js:694:7)
2026-02-27T09:03:07.2143923Z 
2026-02-27T09:03:07.2149030Z [90mstderr[2m | tests/unit/auth.test.tsx[2m > [22m[2mAuthView Component[2m > [22m[2mshows loading state during submission[22m[39m
2026-02-27T09:03:07.2150791Z Warning: An update to AuthView inside a test was not wrapped in act(...).
2026-02-27T09:03:07.2151330Z 
2026-02-27T09:03:07.2151917Z When testing, code that causes React state updates should be wrapped into act(...):
2026-02-27T09:03:07.2152502Z 
2026-02-27T09:03:07.2152665Z act(() => {
2026-02-27T09:03:07.2153070Z   /* fire events that update state */
2026-02-27T09:03:07.2153543Z });
2026-02-27T09:03:07.2153896Z /* assert on the output */
2026-02-27T09:03:07.2154171Z 
2026-02-27T09:03:07.2155257Z This ensures that you're testing the behavior the user would see in the browser. Learn more at https://reactjs.org/link/wrap-tests-with-act
2026-02-27T09:03:07.2156879Z     at AuthView (/home/runner/work/AndamanBazaarApp/AndamanBazaarApp/tests/unit/auth.test.tsx:14:51)
2026-02-27T09:03:07.2158601Z     at Router (/home/runner/work/AndamanBazaarApp/AndamanBazaarApp/node_modules/react-router/dist/umd/react-router.development.js:1174:17)
2026-02-27T09:03:07.2160885Z     at BrowserRouter (/home/runner/work/AndamanBazaarApp/AndamanBazaarApp/node_modules/react-router-dom/dist/umd/react-router-dom.development.js:694:7)
2026-02-27T09:03:07.2162059Z 
2026-02-27T09:03:07.2189016Z [90mstderr[2m | tests/unit/auth.test.tsx[2m > [22m[2mAuthView Component[2m > [22m[2mshows loading state during submission[22m[39m
2026-02-27T09:03:07.2191054Z Warning: An update to AuthView inside a test was not wrapped in act(...).
2026-02-27T09:03:07.2191666Z 
2026-02-27T09:03:07.2192264Z When testing, code that causes React state updates should be wrapped into act(...):
2026-02-27T09:03:07.2192858Z 
2026-02-27T09:03:07.2193017Z act(() => {
2026-02-27T09:03:07.2193439Z   /* fire events that update state */
2026-02-27T09:03:07.2193908Z });
2026-02-27T09:03:07.2194294Z /* assert on the output */
2026-02-27T09:03:07.2194582Z 
2026-02-27T09:03:07.2209348Z This ensures that you're testing the behavior the user would see in the browser. Learn more at https://reactjs.org/link/wrap-tests-with-act
2026-02-27T09:03:07.2211296Z     at AuthView (/home/runner/work/AndamanBazaarApp/AndamanBazaarApp/tests/unit/auth.test.tsx:14:51)
2026-02-27T09:03:07.2213112Z     at Router (/home/runner/work/AndamanBazaarApp/AndamanBazaarApp/node_modules/react-router/dist/umd/react-router.development.js:1174:17)
2026-02-27T09:03:07.2215350Z     at BrowserRouter (/home/runner/work/AndamanBazaarApp/AndamanBazaarApp/node_modules/react-router-dom/dist/umd/react-router-dom.development.js:694:7)
2026-02-27T09:03:07.2216574Z 
2026-02-27T09:03:07.2245232Z [90mstderr[2m | tests/unit/auth.test.tsx[2m > [22m[2mAuthView Component[2m > [22m[2mshows loading state during submission[22m[39m
2026-02-27T09:03:07.2246696Z Warning: An update to AuthView inside a test was not wrapped in act(...).
2026-02-27T09:03:07.2247241Z 
2026-02-27T09:03:07.2247849Z When testing, code that causes React state updates should be wrapped into act(...):
2026-02-27T09:03:07.2248468Z 
2026-02-27T09:03:07.2248612Z act(() => {
2026-02-27T09:03:07.2249017Z   /* fire events that update state */
2026-02-27T09:03:07.2249467Z });
2026-02-27T09:03:07.2249825Z /* assert on the output */
2026-02-27T09:03:07.2250105Z 
2026-02-27T09:03:07.2251354Z This ensures that you're testing the behavior the user would see in the browser. Learn more at https://reactjs.org/link/wrap-tests-with-act
2026-02-27T09:03:07.2252961Z     at AuthView (/home/runner/work/AndamanBazaarApp/AndamanBazaarApp/tests/unit/auth.test.tsx:14:51)
2026-02-27T09:03:07.2255048Z     at Router (/home/runner/work/AndamanBazaarApp/AndamanBazaarApp/node_modules/react-router/dist/umd/react-router.development.js:1174:17)
2026-02-27T09:03:07.2257162Z     at BrowserRouter (/home/runner/work/AndamanBazaarApp/AndamanBazaarApp/node_modules/react-router-dom/dist/umd/react-router-dom.development.js:694:7)
2026-02-27T09:03:07.2258353Z 
2026-02-27T09:03:07.2277072Z [90mstderr[2m | tests/unit/auth.test.tsx[2m > [22m[2mAuthView Component[2m > [22m[2mshows loading state during submission[22m[39m
2026-02-27T09:03:07.2278600Z Warning: An update to AuthView inside a test was not wrapped in act(...).
2026-02-27T09:03:07.2279182Z 
2026-02-27T09:03:07.2279791Z When testing, code that causes React state updates should be wrapped into act(...):
2026-02-27T09:03:07.2280647Z 
2026-02-27T09:03:07.2280825Z act(() => {
2026-02-27T09:03:07.2281289Z   /* fire events that update state */
2026-02-27T09:03:07.2281771Z });
2026-02-27T09:03:07.2282173Z /* assert on the output */
2026-02-27T09:03:07.2282474Z 
2026-02-27T09:03:07.2283548Z This ensures that you're testing the behavior the user would see in the browser. Learn more at https://reactjs.org/link/wrap-tests-with-act
2026-02-27T09:03:07.2285450Z     at AuthView (/home/runner/work/AndamanBazaarApp/AndamanBazaarApp/tests/unit/auth.test.tsx:14:51)
2026-02-27T09:03:07.2287258Z     at Router (/home/runner/work/AndamanBazaarApp/AndamanBazaarApp/node_modules/react-router/dist/umd/react-router.development.js:1174:17)
2026-02-27T09:03:07.2289483Z     at BrowserRouter (/home/runner/work/AndamanBazaarApp/AndamanBazaarApp/node_modules/react-router-dom/dist/umd/react-router-dom.development.js:694:7)
2026-02-27T09:03:07.2290875Z 
2026-02-27T09:03:07.2292193Z [90mstderr[2m | tests/unit/auth.test.tsx[2m > [22m[2mAuthView Component[2m > [22m[2mshows loading state during submission[22m[39m
2026-02-27T09:03:07.2294094Z Warning: An update to AuthView inside a test was not wrapped in act(...).
2026-02-27T09:03:07.2294693Z 
2026-02-27T09:03:07.2295308Z When testing, code that causes React state updates should be wrapped into act(...):
2026-02-27T09:03:07.2295941Z 
2026-02-27T09:03:07.2296104Z act(() => {
2026-02-27T09:03:07.2296546Z   /* fire events that update state */
2026-02-27T09:03:07.2297019Z });
2026-02-27T09:03:07.2297384Z /* assert on the output */
2026-02-27T09:03:07.2297668Z 
2026-02-27T09:03:07.2298734Z This ensures that you're testing the behavior the user would see in the browser. Learn more at https://reactjs.org/link/wrap-tests-with-act
2026-02-27T09:03:07.2300586Z     at AuthView (/home/runner/work/AndamanBazaarApp/AndamanBazaarApp/tests/unit/auth.test.tsx:14:51)
2026-02-27T09:03:07.2302398Z     at Router (/home/runner/work/AndamanBazaarApp/AndamanBazaarApp/node_modules/react-router/dist/umd/react-router.development.js:1174:17)
2026-02-27T09:03:07.2304489Z     at BrowserRouter (/home/runner/work/AndamanBazaarApp/AndamanBazaarApp/node_modules/react-router-dom/dist/umd/react-router-dom.development.js:694:7)
2026-02-27T09:03:07.2305658Z 
2026-02-27T09:03:07.2334384Z [90mstderr[2m | tests/unit/auth.test.tsx[2m > [22m[2mAuthView Component[2m > [22m[2mshows loading state during submission[22m[39m
2026-02-27T09:03:07.2335850Z Warning: An update to AuthView inside a test was not wrapped in act(...).
2026-02-27T09:03:07.2336409Z 
2026-02-27T09:03:07.2337017Z When testing, code that causes React state updates should be wrapped into act(...):
2026-02-27T09:03:07.2337649Z 
2026-02-27T09:03:07.2337807Z act(() => {
2026-02-27T09:03:07.2338203Z   /* fire events that update state */
2026-02-27T09:03:07.2338666Z });
2026-02-27T09:03:07.2339021Z /* assert on the output */
2026-02-27T09:03:07.2339318Z 
2026-02-27T09:03:07.2340592Z This ensures that you're testing the behavior the user would see in the browser. Learn more at https://reactjs.org/link/wrap-tests-with-act
2026-02-27T09:03:07.2342314Z     at AuthView (/home/runner/work/AndamanBazaarApp/AndamanBazaarApp/tests/unit/auth.test.tsx:14:51)
2026-02-27T09:03:07.2344579Z     at Router (/home/runner/work/AndamanBazaarApp/AndamanBazaarApp/node_modules/react-router/dist/umd/react-router.development.js:1174:17)
2026-02-27T09:03:07.2346788Z     at BrowserRouter (/home/runner/work/AndamanBazaarApp/AndamanBazaarApp/node_modules/react-router-dom/dist/umd/react-router-dom.development.js:694:7)
2026-02-27T09:03:07.2347860Z 
2026-02-27T09:03:07.2366660Z [90mstderr[2m | tests/unit/auth.test.tsx[2m > [22m[2mAuthView Component[2m > [22m[2mshows loading state during submission[22m[39m
2026-02-27T09:03:07.2368088Z Warning: An update to AuthView inside a test was not wrapped in act(...).
2026-02-27T09:03:07.2368604Z 
2026-02-27T09:03:07.2370020Z When testing, code that causes React state updates should be wrapped into act(...):
2026-02-27T09:03:07.2371105Z 
2026-02-27T09:03:07.2372645Z act(() => {
2026-02-27T09:03:07.2377997Z   /* fire events that update state */
2026-02-27T09:03:07.2379311Z });
2026-02-27T09:03:07.2381575Z /* assert on the output */
2026-02-27T09:03:07.2382329Z 
2026-02-27T09:03:07.2383588Z This ensures that you're testing the behavior the user would see in the browser. Learn more at https://reactjs.org/link/wrap-tests-with-act
2026-02-27T09:03:07.2385452Z     at AuthView (/home/runner/work/AndamanBazaarApp/AndamanBazaarApp/tests/unit/auth.test.tsx:14:51)
2026-02-27T09:03:07.2389902Z     at Router (/home/runner/work/AndamanBazaarApp/AndamanBazaarApp/node_modules/react-router/dist/umd/react-router.development.js:1174:17)
2026-02-27T09:03:07.2392227Z     at BrowserRouter (/home/runner/work/AndamanBazaarApp/AndamanBazaarApp/node_modules/react-router-dom/dist/umd/react-router-dom.development.js:694:7)
2026-02-27T09:03:07.2393378Z 
2026-02-27T09:03:07.2401775Z [90mstderr[2m | tests/unit/auth.test.tsx[2m > [22m[2mAuthView Component[2m > [22m[2mshows loading state during submission[22m[39m
2026-02-27T09:03:07.2403219Z Warning: An update to AuthView inside a test was not wrapped in act(...).
2026-02-27T09:03:07.2404309Z 
2026-02-27T09:03:07.2404945Z When testing, code that causes React state updates should be wrapped into act(...):
2026-02-27T09:03:07.2405577Z 
2026-02-27T09:03:07.2405746Z act(() => {
2026-02-27T09:03:07.2406156Z   /* fire events that update state */
2026-02-27T09:03:07.2406624Z });
2026-02-27T09:03:07.2406999Z /* assert on the output */
2026-02-27T09:03:07.2407282Z 
2026-02-27T09:03:07.2408331Z This ensures that you're testing the behavior the user would see in the browser. Learn more at https://reactjs.org/link/wrap-tests-with-act
2026-02-27T09:03:07.2409986Z     at AuthView (/home/runner/work/AndamanBazaarApp/AndamanBazaarApp/tests/unit/auth.test.tsx:14:51)
2026-02-27T09:03:07.2411987Z     at Router (/home/runner/work/AndamanBazaarApp/AndamanBazaarApp/node_modules/react-router/dist/umd/react-router.development.js:1174:17)
2026-02-27T09:03:07.2414142Z     at BrowserRouter (/home/runner/work/AndamanBazaarApp/AndamanBazaarApp/node_modules/react-router-dom/dist/umd/react-router-dom.development.js:694:7)
2026-02-27T09:03:07.2415347Z 
2026-02-27T09:03:07.2422305Z [90mstderr[2m | tests/unit/auth.test.tsx[2m > [22m[2mAuthView Component[2m > [22m[2mshows loading state during submission[22m[39m
2026-02-27T09:03:07.2431523Z Warning: An update to AuthView inside a test was not wrapped in act(...).
2026-02-27T09:03:07.2432121Z 
2026-02-27T09:03:07.2432738Z When testing, code that causes React state updates should be wrapped into act(...):
2026-02-27T09:03:07.2433369Z 
2026-02-27T09:03:07.2433523Z act(() => {
2026-02-27T09:03:07.2433954Z   /* fire events that update state */
2026-02-27T09:03:07.2434419Z });
2026-02-27T09:03:07.2434751Z /* assert on the output */
2026-02-27T09:03:07.2434971Z 
2026-02-27T09:03:07.2435859Z This ensures that you're testing the behavior the user would see in the browser. Learn more at https://reactjs.org/link/wrap-tests-with-act
2026-02-27T09:03:07.2437456Z     at AuthView (/home/runner/work/AndamanBazaarApp/AndamanBazaarApp/tests/unit/auth.test.tsx:14:51)
2026-02-27T09:03:07.2439213Z     at Router (/home/runner/work/AndamanBazaarApp/AndamanBazaarApp/node_modules/react-router/dist/umd/react-router.development.js:1174:17)
2026-02-27T09:03:07.2442198Z     at BrowserRouter (/home/runner/work/AndamanBazaarApp/AndamanBazaarApp/node_modules/react-router-dom/dist/umd/react-router-dom.development.js:694:7)
2026-02-27T09:03:07.2443385Z 
2026-02-27T09:03:07.2475474Z [90mstderr[2m | tests/unit/auth.test.tsx[2m > [22m[2mAuthView Component[2m > [22m[2mshows loading state during submission[22m[39m
2026-02-27T09:03:07.2480298Z Warning: An update to AuthView inside a test was not wrapped in act(...).
2026-02-27T09:03:07.2481066Z 
2026-02-27T09:03:07.2481681Z When testing, code that causes React state updates should be wrapped into act(...):
2026-02-27T09:03:07.2482580Z 
2026-02-27T09:03:07.2482749Z act(() => {
2026-02-27T09:03:07.2483149Z   /* fire events that update state */
2026-02-27T09:03:07.2483578Z });
2026-02-27T09:03:07.2483955Z /* assert on the output */
2026-02-27T09:03:07.2484221Z 
2026-02-27T09:03:07.2485246Z This ensures that you're testing the behavior the user would see in the browser. Learn more at https://reactjs.org/link/wrap-tests-with-act
2026-02-27T09:03:07.2486941Z     at AuthView (/home/runner/work/AndamanBazaarApp/AndamanBazaarApp/tests/unit/auth.test.tsx:14:51)
2026-02-27T09:03:07.2488776Z     at Router (/home/runner/work/AndamanBazaarApp/AndamanBazaarApp/node_modules/react-router/dist/umd/react-router.development.js:1174:17)
2026-02-27T09:03:07.2491213Z     at BrowserRouter (/home/runner/work/AndamanBazaarApp/AndamanBazaarApp/node_modules/react-router-dom/dist/umd/react-router-dom.development.js:694:7)
2026-02-27T09:03:07.2492405Z 
2026-02-27T09:03:07.2554281Z [90mstderr[2m | tests/unit/auth.test.tsx[2m > [22m[2mAuthView Component[2m > [22m[2mshows loading state during submission[22m[39m
2026-02-27T09:03:07.2555714Z Warning: An update to AuthView inside a test was not wrapped in act(...).
2026-02-27T09:03:07.2556659Z 
2026-02-27T09:03:07.2557241Z When testing, code that causes React state updates should be wrapped into act(...):
2026-02-27T09:03:07.2557814Z 
2026-02-27T09:03:07.2557953Z act(() => {
2026-02-27T09:03:07.2558323Z   /* fire events that update state */
2026-02-27T09:03:07.2558730Z });
2026-02-27T09:03:07.2559055Z /* assert on the output */
2026-02-27T09:03:07.2559295Z 
2026-02-27T09:03:07.2560259Z This ensures that you're testing the behavior the user would see in the browser. Learn more at https://reactjs.org/link/wrap-tests-with-act
2026-02-27T09:03:07.2561974Z     at AuthView (/home/runner/work/AndamanBazaarApp/AndamanBazaarApp/tests/unit/auth.test.tsx:14:51)
2026-02-27T09:03:07.2563541Z     at Router (/home/runner/work/AndamanBazaarApp/AndamanBazaarApp/node_modules/react-router/dist/umd/react-router.development.js:1174:17)
2026-02-27T09:03:07.2565411Z     at BrowserRouter (/home/runner/work/AndamanBazaarApp/AndamanBazaarApp/node_modules/react-router-dom/dist/umd/react-router-dom.development.js:694:7)
2026-02-27T09:03:07.2566868Z Warning: An update to AuthView inside a test was not wrapped in act(...).
2026-02-27T09:03:07.2567376Z 
2026-02-27T09:03:07.2567917Z When testing, code that causes React state updates should be wrapped into act(...):
2026-02-27T09:03:07.2568506Z 
2026-02-27T09:03:07.2568649Z act(() => {
2026-02-27T09:03:07.2569037Z   /* fire events that update state */
2026-02-27T09:03:07.2569462Z });
2026-02-27T09:03:07.2569815Z /* assert on the output */
2026-02-27T09:03:07.2570089Z 
2026-02-27T09:03:07.2571287Z This ensures that you're testing the behavior the user would see in the browser. Learn more at https://reactjs.org/link/wrap-tests-with-act
2026-02-27T09:03:07.2572870Z     at AuthView (/home/runner/work/AndamanBazaarApp/AndamanBazaarApp/tests/unit/auth.test.tsx:14:51)
2026-02-27T09:03:07.2574521Z     at Router (/home/runner/work/AndamanBazaarApp/AndamanBazaarApp/node_modules/react-router/dist/umd/react-router.development.js:1174:17)
2026-02-27T09:03:07.2576487Z     at BrowserRouter (/home/runner/work/AndamanBazaarApp/AndamanBazaarApp/node_modules/react-router-dom/dist/umd/react-router-dom.development.js:694:7)
2026-02-27T09:03:07.2577773Z 
2026-02-27T09:03:07.2712407Z [90mstderr[2m | tests/unit/auth.test.tsx[2m > [22m[2mAuthView Component[2m > [22m[2mprevents form submission with empty fields[22m[39m
2026-02-27T09:03:07.2716324Z Warning: An update to AuthView inside a test was not wrapped in act(...).
2026-02-27T09:03:07.2731486Z 
2026-02-27T09:03:07.2732446Z When testing, code that causes React state updates should be wrapped into act(...):
2026-02-27T09:03:07.2733782Z 
2026-02-27T09:03:07.2734294Z act(() => {
2026-02-27T09:03:07.2735089Z   /* fire events that update state */
2026-02-27T09:03:07.2736126Z });
2026-02-27T09:03:07.2747469Z /* assert on the output */
2026-02-27T09:03:07.2770638Z 
2026-02-27T09:03:07.2771918Z This ensures that you're testing the behavior the user would see in the browser. Learn more at https://reactjs.org/link/wrap-tests-with-act
2026-02-27T09:03:07.2773673Z     at AuthView (/home/runner/work/AndamanBazaarApp/AndamanBazaarApp/tests/unit/auth.test.tsx:14:51)
2026-02-27T09:03:07.2775478Z     at Router (/home/runner/work/AndamanBazaarApp/AndamanBazaarApp/node_modules/react-router/dist/umd/react-router.development.js:1174:17)
2026-02-27T09:03:07.2777661Z     at BrowserRouter (/home/runner/work/AndamanBazaarApp/AndamanBazaarApp/node_modules/react-router-dom/dist/umd/react-router-dom.development.js:694:7)
2026-02-27T09:03:07.2778828Z 
2026-02-27T09:03:07.3051119Z  [32m✓[39m tests/unit/auth.test.tsx [2m ([22m[2m12 tests[22m[2m)[22m[33m 422[2mms[22m[39m
2026-02-27T09:03:08.0475068Z  [32m✓[39m tests/unit/home.test.tsx [2m ([22m[2m15 tests[22m[2m)[22m[90m 152[2mms[22m[39m
2026-02-27T09:03:08.2188388Z  [32m✓[39m tests/unit/layout.test.tsx [2m ([22m[2m17 tests[22m[2m)[22m[90m 57[2mms[22m[39m
2026-02-27T09:03:08.6998423Z  [32m✓[39m tests/unit/useGeolocation.test.ts [2m ([22m[2m7 tests[22m[2m)[22m[33m 941[2mms[22m[39m
2026-02-27T09:03:08.8093213Z [90mstdout[2m | tests/unit/security.test.ts[2m > [22m[2mSecurity Utilities[2m > [22m[2mretryAsync[2m > [22m[2mshould succeed on first attempt[22m[39m
2026-02-27T09:03:08.8094941Z [retry] operation attempt 1/4
2026-02-27T09:03:08.8096059Z 
2026-02-27T09:03:08.8097622Z [90mstdout[2m | tests/unit/security.test.ts[2m > [22m[2mSecurity Utilities[2m > [22m[2mretryAsync[2m > [22m[2mshould retry on transient errors[22m[39m
2026-02-27T09:03:08.8099091Z [retry] operation attempt 1/3
2026-02-27T09:03:08.8099840Z [retry] operation retrying in 89ms
2026-02-27T09:03:08.8100770Z 
2026-02-27T09:03:08.8112685Z [90mstderr[2m | tests/unit/security.test.ts[2m > [22m[2mSecurity Utilities[2m > [22m[2mretryAsync[2m > [22m[2mshould retry on transient errors[22m[39m
2026-02-27T09:03:08.8114105Z [retry] operation failed attempt 1/3 { status: 500 }
2026-02-27T09:03:08.8114550Z 
2026-02-27T09:03:08.8987112Z [90mstderr[2m | tests/unit/security.test.ts[2m > [22m[2mSecurity Utilities[2m > [22m[2mretryAsync[2m > [22m[2mshould retry on transient errors[22m[39m
2026-02-27T09:03:08.8988710Z [retry] operation failed attempt 2/3 { status: 500 }
2026-02-27T09:03:08.8989160Z 
2026-02-27T09:03:08.8990887Z [90mstdout[2m | tests/unit/security.test.ts[2m > [22m[2mSecurity Utilities[2m > [22m[2mretryAsync[2m > [22m[2mshould retry on transient errors[22m[39m
2026-02-27T09:03:08.8992661Z [retry] operation attempt 2/3
2026-02-27T09:03:08.8993435Z [retry] operation retrying in 116ms
2026-02-27T09:03:08.8996763Z 
2026-02-27T09:03:09.0149220Z [90mstderr[2m | tests/unit/security.test.ts[2m > [22m[2mSecurity Utilities[2m > [22m[2mretryAsync[2m > [22m[2mshould retry on transient errors[22m[39m
2026-02-27T09:03:09.0151918Z [90mstdout[2m | tests/unit/security.test.ts[2m > [22m[2mSecurity Utilities[2m > [22m[2mretryAsync[2m > [22m[2mshould retry on transient errors[22m[39m
2026-02-27T09:03:09.0153064Z [retry] operation attempt 3/3
2026-02-27T09:03:09.0153842Z <empty line>
2026-02-27T09:03:09.0155487Z [retry] operation succeeded on attempt 3/3
2026-02-27T09:03:09.0157619Z 
2026-02-27T09:03:09.0162247Z [90mstdout[2m | tests/unit/security.test.ts[2m > [22m[2mSecurity Utilities[2m > [22m[2mretryAsync[2m > [22m[2mshould throw after max attempts[22m[39m
2026-02-27T09:03:09.0167972Z [90mstderr[2m | tests/unit/security.test.ts[2m > [22m[2mSecurity Utilities[2m > [22m[2mretryAsync[2m > [22m[2mshould throw after max attempts[22m[39m
2026-02-27T09:03:09.0169258Z [retry] operation attempt 1/2
2026-02-27T09:03:09.0169899Z [retry] operation failed attempt 1/2 { status: 500 }
2026-02-27T09:03:09.0170291Z 
2026-02-27T09:03:09.0170908Z [retry] operation retrying in 29ms
2026-02-27T09:03:09.0171225Z 
2026-02-27T09:03:09.0464071Z [90mstdout[2m | tests/unit/security.test.ts[2m > [22m[2mSecurity Utilities[2m > [22m[2mretryAsync[2m > [22m[2mshould throw after max attempts[22m[39m
2026-02-27T09:03:09.0466723Z [90mstderr[2m | tests/unit/security.test.ts[2m > [22m[2mSecurity Utilities[2m > [22m[2mretryAsync[2m > [22m[2mshould throw after max attempts[22m[39m
2026-02-27T09:03:09.0468222Z [retry] operation failed attempt 2/2 { status: 500 }
2026-02-27T09:03:09.0468975Z [retry] operation aborted after attempt 2/2 { status: 500 }
2026-02-27T09:03:09.0469402Z 
2026-02-27T09:03:09.0471076Z [90mstderr[2m | tests/unit/security.test.ts[2m > [22m[2mSecurity Utilities[2m > [22m[2mretryAsync[2m > [22m[2mshould not retry on non-transient errors[22m[39m
2026-02-27T09:03:09.0472537Z [retry] operation failed attempt 1/3 { status: 400 }
2026-02-27T09:03:09.0473339Z [retry] operation aborted after attempt 1/3 { status: 400 }
2026-02-27T09:03:09.0473795Z 
2026-02-27T09:03:09.0475190Z [90mstderr[2m | tests/unit/security.test.ts[2m > [22m[2mSecurity Utilities[2m > [22m[2mretryAsync[2m > [22m[2mshould call onAttempt callback[22m[39m
2026-02-27T09:03:09.0476575Z [retry] operation failed attempt 1/2 { status: 500 }
2026-02-27T09:03:09.0477358Z 
2026-02-27T09:03:09.0477598Z [retry] operation attempt 2/2
2026-02-27T09:03:09.0477916Z 
2026-02-27T09:03:09.0479424Z [90mstdout[2m | tests/unit/security.test.ts[2m > [22m[2mSecurity Utilities[2m > [22m[2mretryAsync[2m > [22m[2mshould not retry on non-transient errors[22m[39m
2026-02-27T09:03:09.0480927Z [retry] operation attempt 1/3
2026-02-27T09:03:09.0481248Z 
2026-02-27T09:03:09.0482615Z [90mstdout[2m | tests/unit/security.test.ts[2m > [22m[2mSecurity Utilities[2m > [22m[2mretryAsync[2m > [22m[2mshould call onAttempt callback[22m[39m
2026-02-27T09:03:09.0483796Z [retry] operation attempt 1/2
2026-02-27T09:03:09.0484322Z [retry] operation retrying in 45ms
2026-02-27T09:03:09.0484632Z 
2026-02-27T09:03:09.0930321Z [90mstderr[2m | tests/unit/security.test.ts[2m > [22m[2mSecurity Utilities[2m > [22m[2mretryAsync[2m > [22m[2mshould call onAttempt callback[22m[39m
2026-02-27T09:03:09.0932938Z [90mstdout[2m | tests/unit/security.test.ts[2m > [22m[2mSecurity Utilities[2m > [22m[2mretryAsync[2m > [22m[2mshould call onAttempt callback[22m[39m
2026-02-27T09:03:09.0933783Z [retry] operation failed attempt 2/2 { status: 500 }
2026-02-27T09:03:09.0934228Z [retry] operation aborted after attempt 2/2 { status: 500 }
2026-02-27T09:03:09.0934470Z 
2026-02-27T09:03:09.0934595Z [retry] operation attempt 2/2
2026-02-27T09:03:09.0934767Z 
2026-02-27T09:03:09.0940997Z [90mstderr[2m | tests/unit/security.test.ts[2m > [22m[2mSecurity Utilities[2m > [22m[2mretryAsync[2m > [22m[2mshould respect custom retry function[22m[39m
2026-02-27T09:03:09.0943459Z [90mstdout[2m | tests/unit/security.test.ts[2m > [22m[2mSecurity Utilities[2m > [22m[2mretryAsync[2m > [22m[2mshould respect custom retry function[22m[39m
2026-02-27T09:03:09.0944858Z [retry] operation failed attempt 1/2 { custom: 'error' }
2026-02-27T09:03:09.0945273Z 
2026-02-27T09:03:09.0945481Z [retry] operation attempt 1/2
2026-02-27T09:03:09.0945993Z [retry] operation retrying in 81ms
2026-02-27T09:03:09.0946318Z 
2026-02-27T09:03:09.1776465Z [90mstderr[2m | tests/unit/security.test.ts[2m > [22m[2mSecurity Utilities[2m > [22m[2mretryAsync[2m > [22m[2mshould respect custom retry function[22m[39m
2026-02-27T09:03:09.1779352Z [90mstdout[2m | tests/unit/security.test.ts[2m > [22m[2mSecurity Utilities[2m > [22m[2mretryAsync[2m > [22m[2mshould respect custom retry function[22m[39m
2026-02-27T09:03:09.1780776Z [retry] operation attempt 2/2
2026-02-27T09:03:09.1781083Z 
2026-02-27T09:03:09.1782414Z [90mstdout[2m | tests/unit/security.test.ts[2m > [22m[2mSecurity Utilities[2m > [22m[2mretryAsync[2m > [22m[2mshould apply exponential backoff[22m[39m
2026-02-27T09:03:09.1783587Z [retry] operation attempt 1/3
2026-02-27T09:03:09.1784070Z [retry] operation retrying in 135ms
2026-02-27T09:03:09.1784363Z 
2026-02-27T09:03:09.1784732Z [retry] operation failed attempt 2/2 { custom: 'error' }
2026-02-27T09:03:09.1785517Z [retry] operation aborted after attempt 2/2 { custom: 'error' }
2026-02-27T09:03:09.1785989Z 
2026-02-27T09:03:09.1787272Z [90mstderr[2m | tests/unit/security.test.ts[2m > [22m[2mSecurity Utilities[2m > [22m[2mretryAsync[2m > [22m[2mshould apply exponential backoff[22m[39m
2026-02-27T09:03:09.1788557Z [retry] operation failed attempt 1/3 { status: 500 }
2026-02-27T09:03:09.1788928Z 
2026-02-27T09:03:09.3143252Z [90mstderr[2m | tests/unit/security.test.ts[2m > [22m[2mSecurity Utilities[2m > [22m[2mretryAsync[2m > [22m[2mshould apply exponential backoff[22m[39m
2026-02-27T09:03:09.3146544Z [90mstdout[2m | tests/unit/security.test.ts[2m > [22m[2mSecurity Utilities[2m > [22m[2mretryAsync[2m > [22m[2mshould apply exponential backoff[22m[39m
2026-02-27T09:03:09.3148628Z [retry] operation failed attempt 2/3 { status: 500 }
2026-02-27T09:03:09.3149316Z 
2026-02-27T09:03:09.3151518Z [retry] operation attempt 2/3
2026-02-27T09:03:09.3152338Z [retry] operation retrying in 376ms
2026-02-27T09:03:09.3152707Z 
2026-02-27T09:03:09.5723449Z  [32m✓[39m tests/unit/auth_ui.test.tsx [2m ([22m[2m4 tests[22m[2m)[22m[90m 111[2mms[22m[39m
2026-02-27T09:03:09.6903956Z [90mstderr[2m | tests/unit/security.test.ts[2m > [22m[2mSecurity Utilities[2m > [22m[2mretryAsync[2m > [22m[2mshould apply exponential backoff[22m[39m
2026-02-27T09:03:09.6905311Z <empty line>
2026-02-27T09:03:09.6906876Z [90mstderr[2m | tests/unit/security.test.ts[2m > [22m[2mSecurity Utilities[2m > [22m[2mretryAsync[2m > [22m[2mshould respect max delay[22m[39m
2026-02-27T09:03:09.6907714Z [retry] operation failed attempt 1/4 { status: 500 }
2026-02-27T09:03:09.6907973Z 
2026-02-27T09:03:09.6908825Z [90mstdout[2m | tests/unit/security.test.ts[2m > [22m[2mSecurity Utilities[2m > [22m[2mretryAsync[2m > [22m[2mshould apply exponential backoff[22m[39m
2026-02-27T09:03:09.6909580Z [retry] operation attempt 3/3
2026-02-27T09:03:09.6909928Z [retry] operation succeeded on attempt 3/3
2026-02-27T09:03:09.6910145Z 
2026-02-27T09:03:09.6911296Z [90mstdout[2m | tests/unit/security.test.ts[2m > [22m[2mSecurity Utilities[2m > [22m[2mretryAsync[2m > [22m[2mshould respect max delay[22m[39m
2026-02-27T09:03:09.6912041Z [retry] operation attempt 1/4
2026-02-27T09:03:09.6912364Z [retry] operation retrying in 103ms
2026-02-27T09:03:09.6912560Z 
2026-02-27T09:03:09.7935891Z [90mstderr[2m | tests/unit/security.test.ts[2m > [22m[2mSecurity Utilities[2m > [22m[2mretryAsync[2m > [22m[2mshould respect max delay[22m[39m
2026-02-27T09:03:09.7936984Z [retry] operation failed attempt 2/4 { status: 500 }
2026-02-27T09:03:09.7937278Z 
2026-02-27T09:03:09.7938225Z [90mstdout[2m | tests/unit/security.test.ts[2m > [22m[2mSecurity Utilities[2m > [22m[2mretryAsync[2m > [22m[2mshould respect max delay[22m[39m
2026-02-27T09:03:09.7939122Z [retry] operation attempt 2/4
2026-02-27T09:03:09.7939491Z [retry] operation retrying in 319ms
2026-02-27T09:03:09.7939720Z 
2026-02-27T09:03:10.1126486Z [90mstderr[2m | tests/unit/security.test.ts[2m > [22m[2mSecurity Utilities[2m > [22m[2mretryAsync[2m > [22m[2mshould respect max delay[22m[39m
2026-02-27T09:03:10.1130229Z [90mstdout[2m | tests/unit/security.test.ts[2m > [22m[2mSecurity Utilities[2m > [22m[2mretryAsync[2m > [22m[2mshould respect max delay[22m[39m
2026-02-27T09:03:10.1131800Z [retry] operation failed attempt 3/4 { status: 500 }
2026-02-27T09:03:10.1132095Z 
2026-02-27T09:03:10.1132246Z [retry] operation attempt 3/4
2026-02-27T09:03:10.1132621Z [retry] operation retrying in 296ms
2026-02-27T09:03:10.1132843Z 
2026-02-27T09:03:10.3328719Z  [33m❯[39m tests/unit/marketplace_ui.test.tsx [2m ([22m[2m4 tests[22m [2m|[22m [31m1 failed[39m[2m)[22m[33m 1245[2mms[22m[39m
2026-02-27T09:03:10.3331598Z [31m   [33m❯[31m tests/unit/marketplace_ui.test.tsx[2m > [22mMarketplace UI Logic (Vitest)[2m > [22mclears all filters correctly[39m
2026-02-27T09:03:10.3333225Z [31m     → expected 'flex-shrink-0 px-4 py-2 rounded-full …' to contain 'bg-teal-600'
2026-02-27T09:03:10.3333844Z 
2026-02-27T09:03:10.3334105Z Ignored nodes: comments, script, style
2026-02-27T09:03:10.3334613Z [36m<html>[31m
2026-02-27T09:03:10.3334998Z   [36m<head>[31m
2026-02-27T09:03:10.3335415Z     [36m<meta[31m
2026-02-27T09:03:10.3336150Z       [33mcontent[31m=[32m"AndamanBazaar – hyperlocal marketplace"[31m
2026-02-27T09:03:10.3336616Z       [33mname[31m=[32m"description"[31m
2026-02-27T09:03:10.3336904Z     [36m/>[31m
2026-02-27T09:03:10.3337119Z   [36m</head>[31m
2026-02-27T09:03:10.3337336Z   [36m<body>[31m
2026-02-27T09:03:10.3337550Z     [36m<div>[31m
2026-02-27T09:03:10.3337759Z       [36m<div[31m
2026-02-27T09:03:10.3338102Z         [33mclass[31m=[32m"max-w-7xl mx-auto px-4 py-8"[31m
2026-02-27T09:03:10.3338431Z       [36m>[31m
2026-02-27T09:03:10.3338645Z         [36m<div[31m
2026-02-27T09:03:10.3338950Z           [33mclass[31m=[32m"mb-12 space-y-8"[31m
2026-02-27T09:03:10.3339237Z         [36m>[31m
2026-02-27T09:03:10.3339460Z           [36m<form[31m
2026-02-27T09:03:10.3340192Z             [33mclass[31m=[32m"max-w-3xl mx-auto relative group"[31m
2026-02-27T09:03:10.3340751Z           [36m>[31m
2026-02-27T09:03:10.3340981Z             [36m<div[31m
2026-02-27T09:03:10.3341820Z               [33mclass[31m=[32m"absolute left-4 top-1/2 -translate-y-1/2 text-warm-300 group-focus-within:text-teal-500 transition-colors pointer-events-none"[31m
2026-02-27T09:03:10.3342511Z             [36m>[31m
2026-02-27T09:03:10.3342751Z               [36m<svg[31m
2026-02-27T09:03:10.3343107Z                 [33mclass[31m=[32m"lucide lucide-search"[31m
2026-02-27T09:03:10.3343500Z                 [33mfill[31m=[32m"none"[31m
2026-02-27T09:03:10.3343844Z                 [33mheight[31m=[32m"20"[31m
2026-02-27T09:03:10.3344213Z                 [33mstroke[31m=[32m"currentColor"[31m
2026-02-27T09:03:10.3344601Z                 [33mstroke-linecap[31m=[32m"round"[31m
2026-02-27T09:03:10.3344992Z                 [33mstroke-linejoin[31m=[32m"round"[31m
2026-02-27T09:03:10.3345374Z                 [33mstroke-width[31m=[32m"2"[31m
2026-02-27T09:03:10.3345745Z                 [33mviewBox[31m=[32m"0 0 24 24"[31m
2026-02-27T09:03:10.3346091Z                 [33mwidth[31m=[32m"20"[31m
2026-02-27T09:03:10.3346708Z                 [33mxmlns[31m=[32m"http://www.w3.org/2000/svg"[31m
2026-02-27T09:03:10.3347447Z               [36m>[31m
2026-02-27T09:03:10.3347994Z                 [36m<circle[31m
2026-02-27T09:03:10.3348599Z                   [33mcx[31m=[32m"11"[31m
2026-02-27T09:03:10.3349220Z                   [33mcy[31m=[32m"11"[31m
2026-02-27T09:03:10.3349782Z                   [33mr[31m=[32m"8"[31m
2026-02-27T09:03:10.3350315Z                 [36m/>[31m
2026-02-27T09:03:10.3351065Z                 [36m<path[31m
2026-02-27T09:03:10.3351723Z                   [33md[31m=[32m"m21 21-4.3-4.3"[31m
2026-02-27T09:03:10.3352342Z                 [36m/>[31m
2026-02-27T09:03:10.3352868Z               [36m</svg>[31m
2026-02-27T09:03:10.3353405Z             [36m</div>[31m
2026-02-27T09:03:10.3353967Z             [36m<input[31m
2026-02-27T09:03:10.3354445Z               [33mclass[31m=[32m"input-island h-14 pl-12 pr-12 shadow-card"[31m
2026-02-27T09:03:10.3355504Z               [33mplaceholder[31m=[32m"Search across the islands…"[31m
2026-02-27T09:03:10.3356132Z               [33mtype[31m=[32m"text"[31m
2026-02-27T09:03:10.3356702Z               [33mvalue[31m=[32m""[31m
2026-02-27T09:03:10.3357160Z             [36m/>[31m
2026-02-27T09:03:10.3357556Z           [36m</form>[31m
2026-02-27T09:03:10.3357968Z           [36m<div[31m
2026-02-27T09:03:10.3358460Z             [33mclass[31m=[32m"space-y-4"[31m
2026-02-27T09:03:10.3358951Z           [36m>[31m
2026-02-27T09:03:10.3359323Z             [36m<div[31m
2026-02-27T09:03:10.3360165Z               [33mclass[31m=[32m"flex items-center gap-2 overflow-x-auto pb-2 hide-scrollbar"[31m
2026-02-27T09:03:10.3361133Z             [36m>[31m
2026-02-27T09:03:10.3361563Z               [36m<button[31m
2026-02-27T09:03:10.3363292Z                 [33mclass[31m=[32m"flex-shrink-0 px-4 py-2 rounded-full text-[11px] font-bold transition-all duration-200 bg-white text-warm-400 border border-warm-200 hover:border-teal-300 hover:text-teal-600"[31m
2026-02-27T09:03:10.3364761Z               [36m>[31m
2026-02-27T09:03:10.3365228Z                 [0m🌊 All[0m
2026-02-27T09:03:10.3365705Z               [36m</button>[31m
2026-02-27T09:03:10.3366157Z               [36m<button[31m
2026-02-27T09:03:10.3367957Z                 [33mclass[31m=[32m"flex-shrink-0 px-4 py-2 rounded-full text-[11px] font-bold transition-all duration-200 bg-white text-warm-400 border border-warm-200 hover:border-teal-300 hover:text-teal-600"[31m
2026-02-27T09:03:10.3369528Z               [36m>[31m
2026-02-27T09:03:10.3369967Z                 [0m🐟 Fresh Catch[0m
2026-02-27T09:03:10.3370646Z               [36m</button>[31m
2026-02-27T09:03:10.3371198Z               [36m<button[31m
2026-02-27T09:03:10.3373440Z                 [33mclass[31m=[32m"flex-shrink-0 px-4 py-2 rounded-full text-[11px] font-bold transition-all duration-200 bg-white text-warm-400 border border-warm-200 hover:border-teal-300 hover:text-teal-600"[31m
2026-02-27T09:03:10.3375056Z               [36m>[31m
2026-02-27T09:03:10.3375581Z                 [0m🥥 Produce[0m
2026-02-27T09:03:10.3376130Z               [36m</button>[31m
2026-02-27T09:03:10.3376647Z               [36m<button[31m
2026-02-27T09:03:10.3378637Z                 [33mclass[31m=[32m"flex-shrink-0 px-4 py-2 rounded-full text-[11px] font-bold transition-all duration-200 bg-white text-warm-400 border border-warm-200 hover:border-teal-300 hover:text-teal-600"[31m
2026-02-27T09:03:10.3380226Z               [36m>[31m
2026-02-27T09:03:10.3380942Z                 [0m🐚 Handicrafts[0m
2026-02-27T09:03:10.3381517Z               [36m</button>[31m
2026-02-27T09:03:10.3382074Z               [36m<button[31m
2026-02-27T09:03:10.3384096Z                 [33mclass[31m=[32m"flex-shrink-0 px-4 py-2 rounded-full text-[11px] font-bold transition-all duration-200 bg-white text-warm-400 border border-warm-200 hover:border-teal-300 hover:text-teal-600"[31m
2026-02-27T09:03:10.3385756Z               [36m>[31m
2026-02-27T09:03:10.3386295Z                 [0m🤿 Experiences[0m
2026-02-27T09:03:10.3386867Z               [36m</button>[31m
2026-02-27T09:03:10.3387420Z               [36m<button[31m
2026-02-27T09:03:10.3389370Z                 [33mclass[31m=[32m"flex-shrink-0 px-4 py-2 rounded-full text-[11px] font-bold transition-all duration-200 bg-white text-warm-400 border border-warm-200 hover:border-teal-300 hover:text-teal-600"[31m
2026-02-27T09:03:10.3391164Z               [36m>[31m
2026-02-27T09:03:10.3391686Z                 [0m🏠 Rentals[0m
2026-02-27T09:03:10.3392227Z               [36m</button>[31m
2026-02-27T09:03:10.3392781Z               [36m<button[31m
2026-02-27T09:03:10.3394780Z                 [33mclass[31m=[32m"flex-shrink-0 px-4 py-2 rounded-full text-[11px] font-bold transition-all duration-200 bg-white text-warm-400 border border-warm-200 hover:border-teal-300 hover:text-teal-600"[31m
2026-02-27T09:03:10.3396735Z               [36m>[31m
2026-02-27T09:03:10.3397256Z                 [0m⚡ Services[0m
2026-02-27T09:03:10.3397811Z               [36m</button>[31m
2026-02-27T09:03:10.3398373Z               [36m<button[31m
2026-02-27T09:03:10.3400348Z                 [33mclass[31m=[32m"flex-shrink-0 px-4 py-2 rounded-full text-[11px] font-bold transition-all duration-200 bg-white text-warm-400 border border-warm-200 hover:border-teal-300 hover:text-teal-600"[31m
2026-02-27T09:03:10.3402099Z               [36m>[31m
2026-02-27T09:03:10.3402622Z                 [0m🛒 General[0m
2026-02-27T09:03:10.3403201Z               [36m</button>[31m
2026-02-27T09:03:10.3403737Z               [36m<button[31m
2026-02-27T09:03:10.3405713Z                 [33mclass[31m=[32m"flex-shrink-0 px-4 py-2 rounded-full text-[11px] font-bold transition-all duration-200 bg-white text-warm-400 border border-warm-200 hover:border-teal-300 hover:text-teal-600"[31m
2026-02-27T09:03:10.3407390Z               [36m>[31m
2026-02-27T09:03:10.3407903Z                 [0m🏖️ Tourism[0m
2026-02-27T09:03:10.3408452Z               [36m</button>[31m
2026-02-27T09:03:10.3408943Z             [36m</div>[31m
2026-02-27T09:03:10.3409403Z             [36m<div[31m
2026-02-27T09:03:10.3410288Z               [33mclass[31m=[32m"flex items-center justify-between max-w-3xl mx-auto"[31m
2026-02-27T09:03:10.3411371Z             [36m>[31m
2026-02-27T09:03:10.3411835Z               [36m<div[31m
2026-02-27T09:03:10.3412470Z                 [33mclass[31m=[32m"relative"[31m
2026-02-27T09:03:10.3413047Z               [36m>[31m
2026-02-27T09:03:10.3413550Z                 [36m<button[31m
2026-02-27T09:03:10.3415489Z                   [33mclass[31m=[32m"flex items-center gap-2 px-4 py-2.5 rounded-xl bg-white border border-warm-200 text-xs font-bold text-midnight-700 hover:border-teal-300 transition-all shadow-card"[31m
2026-02-27T09:03:10.3417360Z                 [36m>[31m
2026-02-27T09:03:10.3417873Z                   [36m<svg[31m
2026-02-27T09:03:10.3418545Z                     [33mclass[31m=[32m"text-teal-500"[31m
2026-02-27T09:03:10.3419255Z                     [33mfill[31m=[32m"none"[31m
2026-02-27T09:03:10.3419963Z                     [33mheight[31m=[32m"13"[31m
2026-02-27T09:03:10.3420894Z                     [33mstroke[31m=[32m"currentColor"[31m
2026-02-27T09:03:10.3421703Z                     [33mstroke-linecap[31m=[32m"round"[31m
2026-02-27T09:03:10.3422526Z                     [33mstroke-linejoin[31m=[32m"round"[31m
2026-02-27T09:03:10.3423305Z                     [33mstroke-width[31m=[32m"2"[31m
2026-02-27T09:03:10.3424060Z                     [33mviewBox[31m=[32m"0 0 24 24"[31m
2026-02-27T09:03:10.3424744Z                     [33mwidth[31m=[32m"13"[31m
2026-02-27T09:03:10.3425607Z                     [33mxmlns[31m=[32m"http://www.w3.org/2000/svg"[31m
2026-02-27T09:03:10.3426299Z                   [36m>[31m
2026-02-27T09:03:10.3426827Z                     [36m<path[31m
2026-02-27T09:03:10.3427511Z                       [33md[31m=[32m"m21 16-4 4-4-4"[31m
2026-02-27T09:03:10.3428117Z                     [36m/>[31m
2026-02-27T09:03:10.3428655Z                     [36m<path[31m
2026-02-27T09:03:10.3429306Z                       [33md[31m=[32m"M17 20V4"[31m
2026-02-27T09:03:10.3429897Z                     [36m/>[31m
2026-02-27T09:03:10.3430617Z                     [36m<path[31m
2026-02-27T09:03:10.3431294Z                       [33md[31m=[32m"m3 8 4-4 4 4"[31m
2026-02-27T09:03:10.3431913Z                     [36m/>[31m
2026-02-27T09:03:10.3432478Z                     [36m<path[31m
2026-02-27T09:03:10.3433099Z                       [33md[31m=[32m"M7 4v16"[31m
2026-02-27T09:03:10.3433786Z                     [36m/>[31m
2026-02-27T09:03:10.3434398Z                   [36m</svg>[31m
2026-02-27T09:03:10.3435007Z                   [36m<span>[31m
2026-02-27T09:03:10.3435869Z                     [0mNewest First[0m
2026-02-27T09:03:10.3436500Z                   [36m</span>[31m
2026-02-27T09:03:10.3436987Z                   [36m<svg[31m
2026-02-27T09:03:10.3437736Z                     [33mclass[31m=[32m"transition-transform text-warm-300 "[31m
2026-02-27T09:03:10.3438658Z                     [33mfill[31m=[32m"none"[31m
2026-02-27T09:03:10.3439430Z                     [33mheight[31m=[32m"13"[31m
2026-02-27T09:03:10.3440176Z                     [33mstroke[31m=[32m"currentColor"[31m
2026-02-27T09:03:10.3441086Z                     [33mstroke-linecap[31m=[32m"round"[31m
2026-02-27T09:03:10.3441767Z                     [33mstroke-linejoin[31m=[32m"round"[31m
2026-02-27T09:03:10.3442533Z                     [33mstroke-width[31m=[32m"2"[31m
2026-02-27T09:03:10.3443216Z                     [33mviewBox[31m=[32m"0 0 24 24"[31m
2026-02-27T09:03:10.3443936Z                     [33mwidth[31m=[32m"13"[31m
2026-02-27T09:03:10.3444762Z                     [33mxmlns[31m=[32m"http://www.w3.org/2000/svg"[31m
2026-02-27T09:03:10.3445433Z                   [36m>[31m
2026-02-27T09:03:10.3445985Z                     [36m<path[31m
2026-02-27T09:03:10.3446654Z                       [33md[31m=[32m"m6 9 6 6 6-6"[31m
2026-02-27T09:03:10.3447347Z                     [36m/>[31m
2026-02-27T09:03:10.3447911Z                   [36m</svg>[31m
2026-02-27T09:03:10.3448512Z                 [36m</button>[31m
2026-02-27T09:03:10.3449105Z               [36m</div>[31m
2026-02-27T09:03:10.3449678Z               [36m<button[31m
2026-02-27T09:03:10.3451964Z                 [33mclass[31m=[32m"flex items-center gap-2 px-4 py-2.5 rounded-xl border text-xs font-bold transition-all shadow-card bg-white border-warm-200 text-midnight-700 hover:border-teal-300"[31m
2026-02-27T09:03:10.3453667Z               [36m>[31m
2026-02-27T09:03:10.3454221Z                 [36m<svg[31m
2026-02-27T09:03:10.3455164Z                   [33mclass[31m=[32m"text-warm-400"[31m
2026-02-27T09:03:10.3455953Z                   [33mfill[31m=[32m"none"[31m
2026-02-27T09:03:10.3456660Z                   [33mheight[31m=[32m"13"[31m
2026-02-27T09:03:10.3457413Z                   [33mstroke[31m=[32m"currentColor"[31m
2026-02-27T09:03:10.3458247Z                   [33mstroke-linecap[31m=[32m"round"[31m
2026-02-27T09:03:10.3459083Z                   [33mstroke-linejoin[31m=[32m"round"[31m
2026-02-27T09:03:10.3459894Z                   [33mstroke-width[31m=[32m"2"[31m
2026-02-27T09:03:10.3460808Z                   [33mviewBox[31m=[32m"0 0 24 24"[31m
2026-02-27T09:03:10.3461549Z                   [33mwidth[31m=[32m"13"[31m
2026-02-27T09:03:10.3462385Z                   [33mxmlns[31m=[32m"http://www.w3.org/2000/svg"[31m
2026-02-27T09:03:10.3463077Z                 [36m>[31m
2026-02-27T09:03:10.3463661Z                   [36m<polygon[31m
2026-02-27T09:03:10.3464592Z                     [33mpoints[31m=[32m"22 3 2 3 10 12.46 10 19 14 21 14 12.46 22 3"[31m
2026-02-27T09:03:10.3465412Z                   [36m/>[31m
2026-02-27T09:03:10.3465971Z                 [36m</svg>[31m
2026-02-27T09:03:10.3466532Z                 [36m<span>[31m
2026-02-27T09:03:10.3467164Z                   [0mFilters[0m
2026-02-27T09:03:10.3467731Z                 [36m</span>[31m
2026-02-27T09:03:10.3468311Z               [36m</button>[31m
2026-02-27T09:03:10.3468831Z             [36m</div>[31m
2026-02-27T09:03:10.3469315Z           [36m</div>[31m
2026-02-27T09:03:10.3469828Z         [36m</div>[31m
2026-02-27T09:03:10.3470284Z         [36m<div[31m
2026-02-27T09:03:10.3471277Z           [33mclass[31m=[32m"flex items-center justify-between mb-6"[31m
2026-02-27T09:03:10.3472043Z         [36m>[31m
2026-02-27T09:03:10.3472484Z           [36m<p[31m
2026-02-27T09:03:10.3473516Z             [33mclass[31m=[32m"text-[10px] font-black text-slate-400 uppercase tracking-widest"[31m
2026-02-27T09:03:10.3474515Z           [36m>[31m
2026-02-27T09:03:10.3475235Z             [0m1[0m
2026-02-27T09:03:10.3475659Z             [0m [0m
2026-02-27T09:03:10.3476140Z             [0mitem[0m
2026-02-27T09:03:10.3476608Z             [0m found[0m
2026-02-27T09:03:10.3477135Z           [36m</p>[31m
2026-02-27T09:03:10.3477612Z         [36m</div>[31m
2026-02-27T09:03:10.3478081Z         [36m<div[31m
2026-02-27T09:03:10.3479085Z           [33mclass[31m=[32m"grid grid-cols-2 lg:grid-cols-3 xl:grid-cols-4 gap-4 md:gap-8"[31m
2026-02-27T09:03:10.3480012Z         [36m>[31m
2026-02-27T09:03:10.3480634Z           [36m<a[31m
2026-02-27T09:03:10.3481312Z             [33mclass[31m=[32m"listing-card group"[31m
2026-02-27T09:03:10.3482100Z             [33mhref[31m=[32m"/listings/1"[31m
2026-02-27T09:03:10.3482718Z           [36m>[31m
2026-02-27T09:03:10.3483183Z             [36m<div[31m
2026-02-27T09:03:10.3484282Z               [33mclass[31m=[32m"relative aspect-square bg-warm-100 m-2 rounded-2xl overflow-hidden"[31m
2026-02-27T09:03:10.3485296Z             [36m>[31m
2026-02-27T09:03:10.3485767Z               [36m<img[31m
2026-02-27T09:03:10.3486409Z                 [33malt[31m=[32m"Test Scooter"[31m
2026-02-27T09:03:10.3487797Z                 [33mclass[31m=[32m"w-full h-full object-cover transition-transform duration-700 group-hover:scale-110"[31m
2026-02-27T09:03:10.3489067Z                 [33mloading[31m=[32m"lazy"[31m
2026-02-27T09:03:10.3489937Z                 [33msrc[31m=[32m"https://picsum.photos/200"[31m
2026-02-27T09:03:10.3490857Z               [36m/>[31m
2026-02-27T09:03:10.3491385Z               [36m<button[31m
2026-02-27T09:03:10.3492045Z                 [33maria-label[31m=[32m"Save"[31m
2026-02-27T09:03:10.3494182Z                 [33mclass[31m=[32m"absolute top-2 right-2 w-9 h-9 rounded-full flex items-center justify-center shadow-glass z-10 transition-all active:scale-90 bg-white/90 backdrop-blur-sm"[31m
2026-02-27T09:03:10.3496131Z               [36m>[31m
2026-02-27T09:03:10.3496702Z                 [36m<svg[31m
2026-02-27T09:03:10.3497402Z                   [33mclass[31m=[32m"text-warm-400"[31m
2026-02-27T09:03:10.3498158Z                   [33mfill[31m=[32m"none"[31m
2026-02-27T09:03:10.3498896Z                   [33mheight[31m=[32m"15"[31m
2026-02-27T09:03:10.3499634Z                   [33mstroke[31m=[32m"currentColor"[31m
2026-02-27T09:03:10.3500608Z                   [33mstroke-linecap[31m=[32m"round"[31m
2026-02-27T09:03:10.3501441Z                   [33mstroke-linejoin[31m=[32m"round"[31m
2026-02-27T09:03:10.3502257Z                   [33mstroke-width[31m=[32m"2"[31m
2026-02-27T09:03:10.3503077Z                   [33mviewBox[31m=[32m"0 0 24 24"[31m
2026-02-27T09:03:10.3503883Z                   [33mwidth[31m=[32m"15"[31m
2026-02-27T09:03:10.3504891Z                   [33mxmlns[31m=[32m"http://www.w3.org/2000/svg"[31m
2026-02-27T09:03:10.3505742Z                 [36m>[31m
2026-02-27T09:03:10.3506409Z                   [36m<path[31m
2026-02-27T09:03:10.3508137Z                     [33md[31m=[32m"M19 14c1.49-1.46 3-3.21 3-5.5A5.5 5.5 0 0 0 16.5 3c-1.76 0-3 .5-4.5 2-1.5-1.5-2.74-2-4.5-2A5.5 5.5 0 0 0 2 8.5c0 2.3 1.5 4.05 3 5.5l7 7Z"[31m
2026-02-27T09:03:10.3509604Z                   [36m/>[31m
2026-02-27T09:03:10.3510273Z                 [36m</svg>[31m
2026-02-27T09:03:10.3511651Z               [36m</button>[31m
2026-02-27T09:03:10.3512243Z               [36m<div[31m
2026-02-27T09:03:10.3514018Z                 [33mclass[31m=[32m"absolute bottom-2 left-2 bg-white/90 backdrop-blur-sm px-2 py-0.5 rounded-full flex items-center gap-1 text-[9px] font-bold text-midnight-700 shadow-sm z-10"[31m
2026-02-27T09:03:10.3515524Z               [36m>[31m
2026-02-27T09:03:10.3515948Z                 [36m<svg[31m
2026-02-27T09:03:10.3516506Z                   [33mclass[31m=[32m"text-teal-500"[31m
2026-02-27T09:03:10.3517037Z                   [33mfill[31m=[32m"none"[31m
2026-02-27T09:03:10.3517557Z                   [33mheight[31m=[32m"8"[31m
2026-02-27T09:03:10.3518684Z                   [33mstroke[31m=[32m"currentColor"[31m
2026-02-27T09:03:10.3519404Z                   [33mstroke-linecap[31m=[32m"round"[31m
2026-02-27T09:03:10.3520208Z                   [33mstroke-linejoin[31m=[32m"round"[31m
2026-02-27T09:03:10.3521318Z                   [33mstroke-width[31m=[32m"2"[31m
2026-02-27T09:03:10.3522133Z                   [33mviewBox[31m=[32m"0 0 24 24"[31m
2026-02-27T09:03:10.3522840Z                   [33mwidth[31m=[32m"8"[31m
2026-02-27T09:03:10.3523887Z                   [33mxmlns[31m=[32m"http://www.w3.org/2000/svg"[31m
2026-02-27T09:03:10.3524753Z                 [36m>[31m
2026-02-27T09:03:10.3525280Z                   [36m<path[31m
2026-02-27T09:03:10.3526332Z                     [33md[31m=[32m"M20 10c0 6-8 12-8 12s-8-6-8-12a8 8 0 0 1 16 0Z"[31m
2026-02-27T09:03:10.3527110Z                   [36m/>[31m
2026-02-27T09:03:10.3527650Z                   [36m<circle[31m
2026-02-27T09:03:10.3528278Z                     [33mcx[31m=[32m"12"[31m
2026-02-27T09:03:10.3528925Z                     [33mcy[31m=[32m"10"[31m
2026-02-27T09:03:10.3529548Z                     [33mr[31m=[32m"3"[31m
2026-02-27T09:03:10.3530166Z                   [36m/>[31m
2026-02-27T09:03:10.3530929Z                 [36m</svg>[31m
2026-02-27T09:03:10.3531459Z                 [0mPort Blair[0m
2026-02-27T09:03:10.3531874Z               [36m</div>[31m
2026-02-27T09:03:10.3532133Z             [36m</div>[31m
2026-02-27T09:03:10.3532377Z             [36m<div[31m
2026-02-27T09:03:10.3532756Z               [33mclass[31m=[32m"px-3 pb-3 flex flex-col flex-1"[31m
2026-02-27T09:03:10.3533115Z             [36m>[31m
2026-02-27T09:03:10.3533353Z               [36m<span[31m
2026-02-27T09:03:10.3533808Z                 [33mclass[31m=[32m"font-heading font-black text-teal-600 text-base"[31m
2026-02-27T09:03:10.3534216Z               [36m>[31m
2026-02-27T09:03:10.3534700Z                 [0m₹[0m
2026-02-27T09:03:10.3534972Z                 [0m50,000[0m
2026-02-27T09:03:10.3535241Z               [36m</span>[31m
2026-02-27T09:03:10.3535488Z               [36m<h3[31m
2026-02-27T09:03:10.3536259Z                 [33mclass[31m=[32m"text-[12px] font-bold text-midnight-700 line-clamp-2 leading-tight mt-0.5 group-hover:text-teal-600 transition-colors"[31m
2026-02-27T09:03:10.3536905Z               [36m>[31m
2026-02-27T09:03:10.3537170Z                 [0mTest Scooter[0m
2026-02-27T09:03:10.3537446Z               [36m</h3>[31m
2026-02-27T09:03:10.3537685Z             [36m</div>[31m
2026-02-27T09:03:10.3537927Z           [36m</a>[31m
2026-02-27T09:03:10.3538157Z         [36m</div>[31m
2026-02-27T09:03:10.3538384Z       [36m</div>[31m
2026-02-27T09:03:10.3538601Z       [36m<div[31m
2026-02-27T09:03:10.3539339Z         [33mclass[31m=[32m"fixed bottom-24 md:bottom-8 left-1/2 -translate-x-1/2 z-[200] flex flex-col gap-3 w-full max-w-md px-4 pointer-events-none"[31m
2026-02-27T09:03:10.3539965Z       [36m/>[31m
2026-02-27T09:03:10.3540183Z     [36m</div>[31m
2026-02-27T09:03:10.3540651Z   [36m</body>[31m
2026-02-27T09:03:10.3540921Z [36m</html>[31m[39m
2026-02-27T09:03:10.4080588Z [90mstdout[2m | tests/unit/security.test.ts[2m > [22m[2mSecurity Utilities[2m > [22m[2mretryAsync[2m > [22m[2mshould respect max delay[22m[39m
2026-02-27T09:03:10.4081955Z [retry] operation attempt 4/4
2026-02-27T09:03:10.4082274Z 
2026-02-27T09:03:10.4083722Z [90mstderr[2m | tests/unit/security.test.ts[2m > [22m[2mSecurity Utilities[2m > [22m[2mretryAsync[2m > [22m[2mshould respect max delay[22m[39m
2026-02-27T09:03:10.4085113Z [retry] operation failed attempt 4/4 { status: 500 }
2026-02-27T09:03:10.4085952Z [retry] operation aborted after attempt 4/4 { status: 500 }
2026-02-27T09:03:10.4086429Z 
2026-02-27T09:03:10.4090616Z [90mstdout[2m | tests/unit/security.test.ts[2m > [22m[2mSecurity Utilities[2m > [22m[2mretryAsync[2m > [22m[2mshould apply jitter[22m[39m
2026-02-27T09:03:10.4093202Z [90mstderr[2m | tests/unit/security.test.ts[2m > [22m[2mSecurity Utilities[2m > [22m[2mretryAsync[2m > [22m[2mshould apply jitter[22m[39m
2026-02-27T09:03:10.4094481Z [retry] operation failed attempt 1/3 { status: 500 }
2026-02-27T09:03:10.4094876Z 
2026-02-27T09:03:10.4096077Z [retry] operation attempt 1/3
2026-02-27T09:03:10.4096643Z [retry] operation retrying in 105ms
2026-02-27T09:03:10.4096960Z 
2026-02-27T09:03:10.4105217Z [90mstderr[2m | tests/unit/security.test.ts[2m > [22m[2mSecurity Utilities[2m > [22m[2mretryAsync[2m > [22m[2mshould apply jitter[22m[39m
2026-02-27T09:03:10.4107522Z [90mstdout[2m | tests/unit/security.test.ts[2m > [22m[2mSecurity Utilities[2m > [22m[2mretryAsync[2m > [22m[2mshould apply jitter[22m[39m
2026-02-27T09:03:10.4109485Z [retry] operation failed attempt 2/3 { status: 500 }
2026-02-27T09:03:10.4110112Z [retry] operation attempt 2/3
2026-02-27T09:03:10.4110897Z 
2026-02-27T09:03:10.4111180Z [retry] operation retrying in 106ms
2026-02-27T09:03:10.4111727Z 
2026-02-27T09:03:10.4120121Z [90mstdout[2m | tests/unit/security.test.ts[2m > [22m[2mSecurity Utilities[2m > [22m[2mretryAsync[2m > [22m[2mshould apply jitter[22m[39m
2026-02-27T09:03:10.4121529Z [retry] operation attempt 3/3
2026-02-27T09:03:10.4121816Z 
2026-02-27T09:03:10.4125397Z [90mstderr[2m | tests/unit/security.test.ts[2m > [22m[2mSecurity Utilities[2m > [22m[2mretryAsync[2m > [22m[2mshould apply jitter[22m[39m
2026-02-27T09:03:10.4126683Z [retry] operation failed attempt 3/3 { status: 500 }
2026-02-27T09:03:10.4127461Z [retry] operation aborted after attempt 3/3 { status: 500 }
2026-02-27T09:03:10.4127887Z 
2026-02-27T09:03:10.4131304Z  [32m✓[39m tests/unit/security.test.ts [2m ([22m[2m14 tests[22m[2m)[22m[33m 1614[2mms[22m[39m
2026-02-27T09:03:10.4526197Z 
2026-02-27T09:03:10.4572152Z [31m⎯⎯⎯⎯⎯⎯⎯[1m[7m Failed Tests 1 [27m[22m⎯⎯⎯⎯⎯⎯⎯[39m
2026-02-27T09:03:10.4573355Z 
2026-02-27T09:03:10.4574893Z [31m[1m[7m FAIL [27m[22m[39m tests/unit/marketplace_ui.test.tsx[2m > [22mMarketplace UI Logic (Vitest)[2m > [22mclears all filters correctly
2026-02-27T09:03:10.4577043Z [31m[1mAssertionError[22m[39m: expected 'flex-shrink-0 px-4 py-2 rounded-full …' to contain 'bg-teal-600'
2026-02-27T09:03:10.4578011Z 
2026-02-27T09:03:10.4578438Z Ignored nodes: comments, script, style
2026-02-27T09:03:10.4579114Z [36m<html>[39m
2026-02-27T09:03:10.4579651Z   [36m<head>[39m
2026-02-27T09:03:10.4580187Z     [36m<meta[39m
2026-02-27T09:03:10.4582254Z       [33mcontent[39m=[32m"AndamanBazaar – hyperlocal marketplace"[39m
2026-02-27T09:03:10.4585486Z       [33mname[39m=[32m"description"[39m
2026-02-27T09:03:10.4586084Z     [36m/>[39m
2026-02-27T09:03:10.4586527Z   [36m</head>[39m
2026-02-27T09:03:10.4586937Z   [36m<body>[39m
2026-02-27T09:03:10.4587323Z     [36m<div>[39m
2026-02-27T09:03:10.4587710Z       [36m<div[39m
2026-02-27T09:03:10.4588373Z         [33mclass[39m=[32m"max-w-7xl mx-auto px-4 py-8"[39m
2026-02-27T09:03:10.4589026Z       [36m>[39m
2026-02-27T09:03:10.4589437Z         [36m<div[39m
2026-02-27T09:03:10.4590044Z           [33mclass[39m=[32m"mb-12 space-y-8"[39m
2026-02-27T09:03:10.4590828Z         [36m>[39m
2026-02-27T09:03:10.4591265Z           [36m<form[39m
2026-02-27T09:03:10.4591999Z             [33mclass[39m=[32m"max-w-3xl mx-auto relative group"[39m
2026-02-27T09:03:10.4592637Z           [36m>[39m
2026-02-27T09:03:10.4593044Z             [36m<div[39m
2026-02-27T09:03:10.4594579Z               [33mclass[39m=[32m"absolute left-4 top-1/2 -translate-y-1/2 text-warm-300 group-focus-within:text-teal-500 transition-colors pointer-events-none"[39m
2026-02-27T09:03:10.4595890Z             [36m>[39m
2026-02-27T09:03:10.4596348Z               [36m<svg[39m
2026-02-27T09:03:10.4597058Z                 [33mclass[39m=[32m"lucide lucide-search"[39m
2026-02-27T09:03:10.4597826Z                 [33mfill[39m=[32m"none"[39m
2026-02-27T09:03:10.4598577Z                 [33mheight[39m=[32m"20"[39m
2026-02-27T09:03:10.4599693Z                 [33mstroke[39m=[32m"currentColor"[39m
2026-02-27T09:03:10.4600660Z                 [33mstroke-linecap[39m=[32m"round"[39m
2026-02-27T09:03:10.4601432Z                 [33mstroke-linejoin[39m=[32m"round"[39m
2026-02-27T09:03:10.4602162Z                 [33mstroke-width[39m=[32m"2"[39m
2026-02-27T09:03:10.4602851Z                 [33mviewBox[39m=[32m"0 0 24 24"[39m
2026-02-27T09:03:10.4603489Z                 [33mwidth[39m=[32m"20"[39m
2026-02-27T09:03:10.4604264Z                 [33mxmlns[39m=[32m"http://www.w3.org/2000/svg"[39m
2026-02-27T09:03:10.4604911Z               [36m>[39m
2026-02-27T09:03:10.4605413Z                 [36m<circle[39m
2026-02-27T09:03:10.4605990Z                   [33mcx[39m=[32m"11"[39m
2026-02-27T09:03:10.4606620Z                   [33mcy[39m=[32m"11"[39m
2026-02-27T09:03:10.4607217Z                   [33mr[39m=[32m"8"[39m
2026-02-27T09:03:10.4607751Z                 [36m/>[39m
2026-02-27T09:03:10.4608263Z                 [36m<path[39m
2026-02-27T09:03:10.4608858Z                   [33md[39m=[32m"m21 21-4.3-4.3"[39m
2026-02-27T09:03:10.4609413Z                 [36m/>[39m
2026-02-27T09:03:10.4609909Z               [36m</svg>[39m
2026-02-27T09:03:10.4610581Z             [36m</div>[39m
2026-02-27T09:03:10.4611066Z             [36m<input[39m
2026-02-27T09:03:10.4611879Z               [33mclass[39m=[32m"input-island h-14 pl-12 pr-12 shadow-card"[39m
2026-02-27T09:03:10.4612921Z               [33mplaceholder[39m=[32m"Search across the islands…"[39m
2026-02-27T09:03:10.4613716Z               [33mtype[39m=[32m"text"[39m
2026-02-27T09:03:10.4614341Z               [33mvalue[39m=[32m""[39m
2026-02-27T09:03:10.4614853Z             [36m/>[39m
2026-02-27T09:03:10.4615298Z           [36m</form>[39m
2026-02-27T09:03:10.4615746Z           [36m<div[39m
2026-02-27T09:03:10.4616306Z             [33mclass[39m=[32m"space-y-4"[39m
2026-02-27T09:03:10.4617083Z           [36m>[39m
2026-02-27T09:03:10.4617517Z             [36m<div[39m
2026-02-27T09:03:10.4618472Z               [33mclass[39m=[32m"flex items-center gap-2 overflow-x-auto pb-2 hide-scrollbar"[39m
2026-02-27T09:03:10.4619286Z             [36m>[39m
2026-02-27T09:03:10.4619726Z               [36m<button[39m
2026-02-27T09:03:10.4621803Z                 [33mclass[39m=[32m"flex-shrink-0 px-4 py-2 rounded-full text-[11px] font-bold transition-all duration-200 bg-white text-warm-400 border border-warm-200 hover:border-teal-300 hover:text-teal-600"[39m
2026-02-27T09:03:10.4623380Z               [36m>[39m
2026-02-27T09:03:10.4623860Z                 [0m🌊 All[0m
2026-02-27T09:03:10.4624388Z               [36m</button>[39m
2026-02-27T09:03:10.4624885Z               [36m<button[39m
2026-02-27T09:03:10.4627412Z                 [33mclass[39m=[32m"flex-shrink-0 px-4 py-2 rounded-full text-[11px] font-bold transition-all duration-200 bg-white text-warm-400 border border-warm-200 hover:border-teal-300 hover:text-teal-600"[39m
2026-02-27T09:03:10.4629201Z               [36m>[39m
2026-02-27T09:03:10.4629786Z                 [0m🐟 Fresh Catch[0m
2026-02-27T09:03:10.4630673Z               [36m</button>[39m
2026-02-27T09:03:10.4631254Z               [36m<button[39m
2026-02-27T09:03:10.4633285Z                 [33mclass[39m=[32m"flex-shrink-0 px-4 py-2 rounded-full text-[11px] font-bold transition-all duration-200 bg-white text-warm-400 border border-warm-200 hover:border-teal-300 hover:text-teal-600"[39m
2026-02-27T09:03:10.4635011Z               [36m>[39m
2026-02-27T09:03:10.4635534Z                 [0m🥥 Produce[0m
2026-02-27T09:03:10.4636086Z               [36m</button>[39m
2026-02-27T09:03:10.4636614Z               [36m<button[39m
2026-02-27T09:03:10.4638649Z                 [33mclass[39m=[32m"flex-shrink-0 px-4 py-2 rounded-full text-[11px] font-bold transition-all duration-200 bg-white text-warm-400 border border-warm-200 hover:border-teal-300 hover:text-teal-600"[39m
2026-02-27T09:03:10.4640836Z               [36m>[39m
2026-02-27T09:03:10.4641374Z                 [0m🐚 Handicrafts[0m
2026-02-27T09:03:10.4641939Z               [36m</button>[39m
2026-02-27T09:03:10.4642435Z               [36m<button[39m
2026-02-27T09:03:10.4644374Z                 [33mclass[39m=[32m"flex-shrink-0 px-4 py-2 rounded-full text-[11px] font-bold transition-all duration-200 bg-white text-warm-400 border border-warm-200 hover:border-teal-300 hover:text-teal-600"[39m
2026-02-27T09:03:10.4645969Z               [36m>[39m
2026-02-27T09:03:10.4646506Z                 [0m🤿 Experiences[0m
2026-02-27T09:03:10.4647115Z               [36m</button>[39m
2026-02-27T09:03:10.4647659Z               [36m<button[39m
2026-02-27T09:03:10.4649650Z                 [33mclass[39m=[32m"flex-shrink-0 px-4 py-2 rounded-full text-[11px] font-bold transition-all duration-200 bg-white text-warm-400 border border-warm-200 hover:border-teal-300 hover:text-teal-600"[39m
2026-02-27T09:03:10.4651519Z               [36m>[39m
2026-02-27T09:03:10.4652089Z                 [0m🏠 Rentals[0m
2026-02-27T09:03:10.4652852Z               [36m</button>[39m
2026-02-27T09:03:10.4653422Z               [36m<button[39m
2026-02-27T09:03:10.4655475Z                 [33mclass[39m=[32m"flex-shrink-0 px-4 py-2 rounded-full text-[11px] font-bold transition-all duration-200 bg-white text-warm-400 border border-warm-200 hover:border-teal-300 hover:text-teal-600"[39m
2026-02-27T09:03:10.4657179Z               [36m>[39m
2026-02-27T09:03:10.4657714Z                 [0m⚡ Services[0m
2026-02-27T09:03:10.4658251Z               [36m</button>[39m
2026-02-27T09:03:10.4658751Z               [36m<button[39m
2026-02-27T09:03:10.4669668Z                 [33mclass[39m=[32m"flex-shrink-0 px-4 py-2 rounded-full text-[11px] font-bold transition-all duration-200 bg-white text-warm-400 border border-warm-200 hover:border-teal-300 hover:text-teal-600"[39m
2026-02-27T09:03:10.4771932Z               [36m>[39m
2026-02-27T09:03:10.4772523Z                 [0m🛒 General[0m
2026-02-27T09:03:10.4773113Z               [36m</button>[39m
2026-02-27T09:03:10.4773668Z               [36m<button[39m
2026-02-27T09:03:10.4775662Z                 [33mclass[39m=[32m"flex-shrink-0 px-4 py-2 rounded-full text-[11px] font-bold transition-all duration-200 bg-white text-warm-400 border border-warm-200 hover:border-teal-300 hover:text-teal-600"[39m
2026-02-27T09:03:10.4777295Z               [36m>[39m
2026-02-27T09:03:10.4777850Z                 [0m🏖️ Tourism[0m
2026-02-27T09:03:10.4778415Z               [36m</button>[39m
2026-02-27T09:03:10.4778916Z             [36m</div>[39m
2026-02-27T09:03:10.4779372Z             [36m<div[39m
2026-02-27T09:03:10.4780337Z               [33mclass[39m=[32m"flex items-center justify-between max-w-3xl mx-auto"[39m
2026-02-27T09:03:10.4781949Z             [36m>[39m
2026-02-27T09:03:10.4782718Z               [36m<div[39m
2026-02-27T09:03:10.4783527Z                 [33mclass[39m=[32m"relative"[39m
2026-02-27T09:03:10.4784514Z               [36m>[39m
2026-02-27T09:03:10.4785251Z                 [36m<button[39m
2026-02-27T09:03:10.4787526Z                   [33mclass[39m=[32m"flex items-center gap-2 px-4 py-2.5 rounded-xl bg-white border border-warm-200 text-xs font-bold text-midnight-700 hover:border-teal-300 transition-all shadow-card"[39m
2026-02-27T09:03:10.4789440Z                 [36m>[39m
2026-02-27T09:03:10.4790188Z                   [36m<svg[39m
2026-02-27T09:03:10.4791123Z                     [33mclass[39m=[32m"text-teal-500"[39m
2026-02-27T09:03:10.4792145Z                     [33mfill[39m=[32m"none"[39m
2026-02-27T09:03:10.4793228Z                     [33mheight[39m=[32m"13"[39m
2026-02-27T09:03:10.4794443Z                     [33mstroke[39m=[32m"currentColor"[39m
2026-02-27T09:03:10.4795312Z                     [33mstroke-linecap[39m=[32m"round"[39m
2026-02-27T09:03:10.4796362Z                     [33mstroke-linejoin[39m=[32m"round"[39m
2026-02-27T09:03:10.4797053Z                     [33mstroke-width[39m=[32m"2"[39m
2026-02-27T09:03:10.4797781Z                     [33mviewBox[39m=[32m"0 0 24 24"[39m
2026-02-27T09:03:10.4798243Z                     [33mwidth[39m=[32m"13"[39m
2026-02-27T09:03:10.4798841Z                     [33mxmlns[39m=[32m"http://www.w3.org/2000/svg"[39m
2026-02-27T09:03:10.4799335Z                   [36m>[39m
2026-02-27T09:03:10.4811686Z                     [36m<path[39m
2026-02-27T09:03:10.4812246Z                       [33md[39m=[32m"m21 16-4 4-4-4"[39m
2026-02-27T09:03:10.4812603Z                     [36m/>[39m
2026-02-27T09:03:10.4812899Z                     [36m<path[39m
2026-02-27T09:03:10.4813250Z                       [33md[39m=[32m"M17 20V4"[39m
2026-02-27T09:03:10.4813580Z                     [36m/>[39m
2026-02-27T09:03:10.4813867Z                     [36m<path[39m
2026-02-27T09:03:10.4814199Z                       [33md[39m=[32m"m3 8 4-4 4 4"[39m
2026-02-27T09:03:10.4814577Z                     [36m/>[39m
2026-02-27T09:03:10.4814867Z                     [36m<path[39m
2026-02-27T09:03:10.4815194Z                       [33md[39m=[32m"M7 4v16"[39m
2026-02-27T09:03:10.4815502Z                     [36m/>[39m
2026-02-27T09:03:10.4815798Z                   [36m</svg>[39m
2026-02-27T09:03:10.4816087Z                   [36m<span>[39m
2026-02-27T09:03:10.4816386Z                     [0mNewest First[0m
2026-02-27T09:03:10.4816707Z                   [36m</span>[39m
2026-02-27T09:03:10.4817003Z                   [36m<svg[39m
2026-02-27T09:03:10.4817445Z                     [33mclass[39m=[32m"transition-transform text-warm-300 "[39m
2026-02-27T09:03:10.4817938Z                     [33mfill[39m=[32m"none"[39m
2026-02-27T09:03:10.4818318Z                     [33mheight[39m=[32m"13"[39m
2026-02-27T09:03:10.4818717Z                     [33mstroke[39m=[32m"currentColor"[39m
2026-02-27T09:03:10.4819139Z                     [33mstroke-linecap[39m=[32m"round"[39m
2026-02-27T09:03:10.4819825Z                     [33mstroke-linejoin[39m=[32m"round"[39m
2026-02-27T09:03:10.4820269Z                     [33mstroke-width[39m=[32m"2"[39m
2026-02-27T09:03:10.4820934Z                     [33mviewBox[39m=[32m"0 0 24 24"[39m
2026-02-27T09:03:10.4821323Z                     [33mwidth[39m=[32m"13"[39m
2026-02-27T09:03:10.4821802Z                     [33mxmlns[39m=[32m"http://www.w3.org/2000/svg"[39m
2026-02-27T09:03:10.4822183Z                   [36m>[39m
2026-02-27T09:03:10.4822489Z                     [36m<path[39m
2026-02-27T09:03:10.4822857Z                       [33md[39m=[32m"m6 9 6 6 6-6"[39m
2026-02-27T09:03:10.4823210Z                     [36m/>[39m
2026-02-27T09:03:10.4823516Z                   [36m</svg>[39m
2026-02-27T09:03:10.4823827Z                 [36m</button>[39m
2026-02-27T09:03:10.4824131Z               [36m</div>[39m
2026-02-27T09:03:10.4824416Z               [36m<button[39m
2026-02-27T09:03:10.4825514Z                 [33mclass[39m=[32m"flex items-center gap-2 px-4 py-2.5 rounded-xl border text-xs font-bold transition-all shadow-card bg-white border-warm-200 text-midnight-700 hover:border-teal-300"[39m
2026-02-27T09:03:10.4826418Z               [36m>[39m
2026-02-27T09:03:10.4826692Z                 [36m<svg[39m
2026-02-27T09:03:10.4827076Z                   [33mclass[39m=[32m"text-warm-400"[39m
2026-02-27T09:03:10.4827463Z                   [33mfill[39m=[32m"none"[39m
2026-02-27T09:03:10.4827836Z                   [33mheight[39m=[32m"13"[39m
2026-02-27T09:03:10.4828228Z                   [33mstroke[39m=[32m"currentColor"[39m
2026-02-27T09:03:10.4828671Z                   [33mstroke-linecap[39m=[32m"round"[39m
2026-02-27T09:03:10.4829113Z                   [33mstroke-linejoin[39m=[32m"round"[39m
2026-02-27T09:03:10.4829516Z                   [33mstroke-width[39m=[32m"2"[39m
2026-02-27T09:03:10.4829935Z                   [33mviewBox[39m=[32m"0 0 24 24"[39m
2026-02-27T09:03:10.4830318Z                   [33mwidth[39m=[32m"13"[39m
2026-02-27T09:03:10.4831190Z                   [33mxmlns[39m=[32m"http://www.w3.org/2000/svg"[39m
2026-02-27T09:03:10.4831569Z                 [36m>[39m
2026-02-27T09:03:10.4831896Z                   [36m<polygon[39m
2026-02-27T09:03:10.4832382Z                     [33mpoints[39m=[32m"22 3 2 3 10 12.46 10 19 14 21 14 12.46 22 3"[39m
2026-02-27T09:03:10.4832834Z                   [36m/>[39m
2026-02-27T09:03:10.4833135Z                 [36m</svg>[39m
2026-02-27T09:03:10.4833431Z                 [36m<span>[39m
2026-02-27T09:03:10.4833762Z                   [0mFilters[0m
2026-02-27T09:03:10.4834072Z                 [36m</span>[39m
2026-02-27T09:03:10.4834377Z               [36m</button>[39m
2026-02-27T09:03:10.4834653Z             [36m</div>[39m
2026-02-27T09:03:10.4834924Z           [36m</div>[39m
2026-02-27T09:03:10.4835184Z         [36m</div>[39m
2026-02-27T09:03:10.4835441Z         [36m<div[39m
2026-02-27T09:03:10.4835836Z           [33mclass[39m=[32m"flex items-center justify-between mb-6"[39m
2026-02-27T09:03:10.4836212Z         [36m>[39m
2026-02-27T09:03:10.4836460Z           [36m<p[39m
2026-02-27T09:03:10.4836967Z             [33mclass[39m=[32m"text-[10px] font-black text-slate-400 uppercase tracking-widest"[39m
2026-02-27T09:03:10.4837452Z           [36m>[39m
2026-02-27T09:03:10.4837694Z             [0m1[0m
2026-02-27T09:03:10.4837927Z             [0m [0m
2026-02-27T09:03:10.4838166Z             [0mitem[0m
2026-02-27T09:03:10.4838409Z             [0m found[0m
2026-02-27T09:03:10.4838659Z           [36m</p>[39m
2026-02-27T09:03:10.4838917Z         [36m</div>[39m
2026-02-27T09:03:10.4839153Z         [36m<div[39m
2026-02-27T09:03:10.4839686Z           [33mclass[39m=[32m"grid grid-cols-2 lg:grid-cols-3 xl:grid-cols-4 gap-4 md:gap-8"[39m
2026-02-27T09:03:10.4840164Z         [36m>[39m
2026-02-27T09:03:10.4840586Z           [36m<a[39m
2026-02-27T09:03:10.4841119Z             [33mclass[39m=[32m"listing-card group"[39m
2026-02-27T09:03:10.4841565Z             [33mhref[39m=[32m"/listings/1"[39m
2026-02-27T09:03:10.4841876Z           [36m>[39m
2026-02-27T09:03:10.4842115Z             [36m<div[39m
2026-02-27T09:03:10.4842703Z               [33mclass[39m=[32m"relative aspect-square bg-warm-100 m-2 rounded-2xl overflow-hidden"[39m
2026-02-27T09:03:10.4843227Z             [36m>[39m
2026-02-27T09:03:10.4843493Z               [36m<img[39m
2026-02-27T09:03:10.4843828Z                 [33malt[39m=[32m"Test Scooter"[39m
2026-02-27T09:03:10.4844570Z                 [33mclass[39m=[32m"w-full h-full object-cover transition-transform duration-700 group-hover:scale-110"[39m
2026-02-27T09:03:10.4845225Z                 [33mloading[39m=[32m"lazy"[39m
2026-02-27T09:03:10.4845692Z                 [33msrc[39m=[32m"https://picsum.photos/200"[39m
2026-02-27T09:03:10.4846057Z               [36m/>[39m
2026-02-27T09:03:10.4846352Z               [36m<button[39m
2026-02-27T09:03:10.4846708Z                 [33maria-label[39m=[32m"Save"[39m
2026-02-27T09:03:10.4847790Z                 [33mclass[39m=[32m"absolute top-2 right-2 w-9 h-9 rounded-full flex items-center justify-center shadow-glass z-10 transition-all active:scale-90 bg-white/90 backdrop-blur-sm"[39m
2026-02-27T09:03:10.4848629Z               [36m>[39m
2026-02-27T09:03:10.4848912Z                 [36m<svg[39m
2026-02-27T09:03:10.4849332Z                   [33mclass[39m=[32m"text-warm-400"[39m
2026-02-27T09:03:10.4849767Z                   [33mfill[39m=[32m"none"[39m
2026-02-27T09:03:10.4850189Z                   [33mheight[39m=[32m"15"[39m
2026-02-27T09:03:10.4851019Z                   [33mstroke[39m=[32m"currentColor"[39m
2026-02-27T09:03:10.4851493Z                   [33mstroke-linecap[39m=[32m"round"[39m
2026-02-27T09:03:10.4851997Z                   [33mstroke-linejoin[39m=[32m"round"[39m
2026-02-27T09:03:10.4852467Z                   [33mstroke-width[39m=[32m"2"[39m
2026-02-27T09:03:10.4852953Z                   [33mviewBox[39m=[32m"0 0 24 24"[39m
2026-02-27T09:03:10.4853547Z                   [33mwidth[39m=[32m"15"[39m
2026-02-27T09:03:10.4853987Z                   [33mxmlns[39m=[32m"http://www.w3.org/2000/svg"[39m
2026-02-27T09:03:10.4854341Z                 [36m>[39m
2026-02-27T09:03:10.4854642Z                   [36m<path[39m
2026-02-27T09:03:10.4855460Z                     [33md[39m=[32m"M19 14c1.49-1.46 3-3.21 3-5.5A5.5 5.5 0 0 0 16.5 3c-1.76 0-3 .5-4.5 2-1.5-1.5-2.74-2-4.5-2A5.5 5.5 0 0 0 2 8.5c0 2.3 1.5 4.05 3 5.5l7 7Z"[39m
2026-02-27T09:03:10.4856062Z                   [36m/>[39m
2026-02-27T09:03:10.4856337Z                 [36m</svg>[39m
2026-02-27T09:03:10.4856643Z               [36m</button>[39m
2026-02-27T09:03:10.4856906Z               [36m<div[39m
2026-02-27T09:03:10.4857910Z                 [33mclass[39m=[32m"absolute bottom-2 left-2 bg-white/90 backdrop-blur-sm px-2 py-0.5 rounded-full flex items-center gap-1 text-[9px] font-bold text-midnight-700 shadow-sm z-10"[39m
2026-02-27T09:03:10.4858838Z               [36m>[39m
2026-02-27T09:03:10.4859143Z                 [36m<svg[39m
2026-02-27T09:03:10.4859536Z                   [33mclass[39m=[32m"text-teal-500"[39m
2026-02-27T09:03:10.4859973Z                   [33mfill[39m=[32m"none"[39m
2026-02-27T09:03:10.4860569Z                   [33mheight[39m=[32m"8"[39m
2026-02-27T09:03:10.4861066Z                   [33mstroke[39m=[32m"currentColor"[39m
2026-02-27T09:03:10.4861545Z                   [33mstroke-linecap[39m=[32m"round"[39m
2026-02-27T09:03:10.4862011Z                   [33mstroke-linejoin[39m=[32m"round"[39m
2026-02-27T09:03:10.4862470Z                   [33mstroke-width[39m=[32m"2"[39m
2026-02-27T09:03:10.4862919Z                   [33mviewBox[39m=[32m"0 0 24 24"[39m
2026-02-27T09:03:10.4863335Z                   [33mwidth[39m=[32m"8"[39m
2026-02-27T09:03:10.4863808Z                   [33mxmlns[39m=[32m"http://www.w3.org/2000/svg"[39m
2026-02-27T09:03:10.4864395Z                 [36m>[39m
2026-02-27T09:03:10.4864718Z                   [36m<path[39m
2026-02-27T09:03:10.4865234Z                     [33md[39m=[32m"M20 10c0 6-8 12-8 12s-8-6-8-12a8 8 0 0 1 16 0Z"[39m
2026-02-27T09:03:10.4865710Z                   [36m/>[39m
2026-02-27T09:03:10.4866026Z                   [36m<circle[39m
2026-02-27T09:03:10.4866405Z                     [33mcx[39m=[32m"12"[39m
2026-02-27T09:03:10.4866792Z                     [33mcy[39m=[32m"10"[39m
2026-02-27T09:03:10.4867183Z                     [33mr[39m=[32m"3"[39m
2026-02-27T09:03:10.4867544Z                   [36m/>[39m
2026-02-27T09:03:10.4867861Z                 [36m</svg>[39m
2026-02-27T09:03:10.4868211Z                 [0mPort Blair[0m
2026-02-27T09:03:10.4868531Z               [36m</div>[39m
2026-02-27T09:03:10.4868835Z             [36m</div>[39m
2026-02-27T09:03:10.4869126Z             [36m<div[39m
2026-02-27T09:03:10.4869587Z               [33mclass[39m=[32m"px-3 pb-3 flex flex-col flex-1"[39m
2026-02-27T09:03:10.4870007Z             [36m>[39m
2026-02-27T09:03:10.4870293Z               [36m<span[39m
2026-02-27T09:03:10.4871060Z                 [33mclass[39m=[32m"font-heading font-black text-teal-600 text-base"[39m
2026-02-27T09:03:10.4871558Z               [36m>[39m
2026-02-27T09:03:10.4871850Z                 [0m₹[0m
2026-02-27T09:03:10.4872181Z                 [0m50,000[0m
2026-02-27T09:03:10.4872504Z               [36m</span>[39m
2026-02-27T09:03:10.4872804Z               [36m<h3[39m
2026-02-27T09:03:10.4873731Z                 [33mclass[39m=[32m"text-[12px] font-bold text-midnight-700 line-clamp-2 leading-tight mt-0.5 group-hover:text-teal-600 transition-colors"[39m
2026-02-27T09:03:10.4874497Z               [36m>[39m
2026-02-27T09:03:10.4874813Z                 [0mTest Scooter[0m
2026-02-27T09:03:10.4875127Z               [36m</h3>[39m
2026-02-27T09:03:10.4875414Z             [36m</div>[39m
2026-02-27T09:03:10.4875711Z           [36m</a>[39m
2026-02-27T09:03:10.4875999Z         [36m</div>[39m
2026-02-27T09:03:10.4876487Z       [36m</div>[39m
2026-02-27T09:03:10.4876749Z       [36m<div[39m
2026-02-27T09:03:10.4877626Z         [33mclass[39m=[32m"fixed bottom-24 md:bottom-8 left-1/2 -translate-x-1/2 z-[200] flex flex-col gap-3 w-full max-w-md px-4 pointer-events-none"[39m
2026-02-27T09:03:10.4878375Z       [36m/>[39m
2026-02-27T09:03:10.4878628Z     [36m</div>[39m
2026-02-27T09:03:10.4878883Z   [36m</body>[39m
2026-02-27T09:03:10.4879147Z [36m</html>[39m
2026-02-27T09:03:10.4879292Z 
2026-02-27T09:03:10.4879394Z - Expected
2026-02-27T09:03:10.4879621Z + Received
2026-02-27T09:03:10.4879721Z 
2026-02-27T09:03:10.4879822Z - bg-teal-600
2026-02-27T09:03:10.4881002Z + flex-shrink-0 px-4 py-2 rounded-full text-[11px] font-bold transition-all duration-200 bg-white text-warm-400 border border-warm-200 hover:border-teal-300 hover:text-teal-600
2026-02-27T09:03:10.4881780Z 
2026-02-27T09:03:10.4882192Z [36m [2m❯[22m tests/unit/marketplace_ui.test.tsx:[2m107:38[22m[39m
2026-02-27T09:03:10.4882894Z     [90m105| [39m        [35mawait[39m [34mwaitFor[39m(() [33m=>[39m {
2026-02-27T09:03:10.4883745Z     [90m106| [39m            [35mconst[39m allBtn [33m=[39m screen[33m.[39m[34mgetByText[39m([36m/🌊 All/i[39m)[33m;[39m
2026-02-27T09:03:10.4884783Z     [90m107| [39m            [34mexpect[39m(allBtn[33m.[39mclassName)[33m.[39m[34mtoContain[39m([32m'bg-teal-600'[39m)[33m;[39m
2026-02-27T09:03:10.4885515Z     [90m   | [39m                                     [31m^[39m
2026-02-27T09:03:10.4885964Z     [90m108| [39m        })[33m;[39m
2026-02-27T09:03:10.4886287Z     [90m109| [39m    })[33m;[39m
2026-02-27T09:03:10.4887360Z [90m [2m❯[22m runWithExpensiveErrorDiagnosticsDisabled node_modules/@testing-library/react/node_modules/@testing-library/dom/dist/config.js:[2m47:12[22m[39m
2026-02-27T09:03:10.4888785Z [90m [2m❯[22m checkCallback node_modules/@testing-library/react/node_modules/@testing-library/dom/dist/wait-for.js:[2m124:77[22m[39m
2026-02-27T09:03:10.4890638Z [90m [2m❯[22m Timeout.checkRealTimersCallback node_modules/@testing-library/react/node_modules/@testing-library/dom/dist/wait-for.js:[2m118:16[22m[39m
2026-02-27T09:03:10.4891342Z 
2026-02-27T09:03:10.4891635Z [31m[2m⎯⎯⎯⎯⎯⎯⎯⎯⎯⎯⎯⎯⎯⎯⎯⎯⎯⎯⎯⎯⎯⎯⎯⎯[1/1]⎯[22m[39m
2026-02-27T09:03:10.4891873Z 
2026-02-27T09:03:10.4891880Z 
2026-02-27T09:03:10.4892167Z [31m⎯⎯⎯⎯[1m[7m Unhandled Rejection [27m[22m⎯⎯⎯⎯⎯[39m
2026-02-27T09:03:10.4892646Z [31m[1mTypeError[22m: Invalid URL[39m
2026-02-27T09:03:10.4893253Z [90m [2m❯[22m new URL node_modules/happy-dom/src/url/URL.ts:[2m8:15[22m[39m
2026-02-27T09:03:10.4894282Z [90m [2m❯[22m Function.loadPage node_modules/happy-dom/src/nodes/html-iframe-element/HTMLIFrameUtility.ts:[2m48:23[22m[39m
2026-02-27T09:03:10.4895796Z [90m [2m❯[22m HTMLIFrameElementNamedNodeMap.setNamedItem node_modules/happy-dom/src/nodes/html-iframe-element/HTMLIFrameElementNamedNodeMap.ts:[2m21:22[22m[39m
2026-02-27T09:03:10.4897502Z [90m [2m❯[22m HTMLIFrameElement.setAttributeNode node_modules/happy-dom/src/nodes/element/Element.ts:[2m821:26[22m[39m
2026-02-27T09:03:10.4898903Z [90m [2m❯[22m HTMLIFrameElement.setAttributeNS node_modules/happy-dom/src/nodes/element/Element.ts:[2m557:8[22m[39m
2026-02-27T09:03:10.4900138Z [90m [2m❯[22m Function.parse node_modules/happy-dom/src/xml-parser/XMLParser.ts:[2m231:35[22m[39m
2026-02-27T09:03:10.4901681Z [90m [2m❯[22m HTMLElement.set innerHTML [as innerHTML] node_modules/happy-dom/src/nodes/element/Element.ts:[2m258:13[22m[39m
2026-02-27T09:03:10.4902825Z [90m [2m❯[22m _initDocument node_modules/dompurify/src/purify.ts:[2m961:38[22m[39m
2026-02-27T09:03:10.4903912Z [90m [2m❯[22m Function.DOMPurify.sanitize node_modules/dompurify/src/purify.ts:[2m1584:14[22m[39m
2026-02-27T09:03:10.4904409Z 
2026-02-27T09:03:10.4904728Z [31m[2m⎯⎯⎯⎯⎯⎯⎯⎯⎯⎯⎯⎯⎯⎯⎯⎯⎯⎯⎯⎯⎯⎯⎯⎯⎯⎯⎯⎯⎯⎯[22m[39m
2026-02-27T09:03:10.4905531Z [31m[1mSerialized Error:[22m[39m [90m{ code: 'ERR_INVALID_URL', input: 'https://example.com', base: '[object Object]' }[39m
2026-02-27T09:03:10.4906991Z [31mThis error originated in "[1mtests/unit/validation.test.ts[22m" test file. It doesn't mean the error was thrown inside the file itself, but while it was running.[39m
2026-02-27T09:03:10.4907814Z 
2026-02-27T09:03:10.4907847Z 
2026-02-27T09:03:10.5010942Z ##[error]AssertionError: expected 'flex-shrink-0 px-4 py-2 rounded-full …' to contain 'bg-teal-600'

Ignored nodes: comments, script, style
<html>
  <head>
    <meta
      content="AndamanBazaar – hyperlocal marketplace"
      name="description"
    />
  </head>
  <body>
    <div>
      <div
        class="max-w-7xl mx-auto px-4 py-8"
      >
        <div
          class="mb-12 space-y-8"
        >
          <form
            class="max-w-3xl mx-auto relative group"
          >
            <div
              class="absolute left-4 top-1/2 -translate-y-1/2 text-warm-300 group-focus-within:text-teal-500 transition-colors pointer-events-none"
            >
              <svg
                class="lucide lucide-search"
                fill="none"
                height="20"
                stroke="currentColor"
                stroke-linecap="round"
                stroke-linejoin="round"
                stroke-width="2"
                viewBox="0 0 24 24"
                width="20"
                xmlns="http://www.w3.org/2000/svg"
              >
                <circle
                  cx="11"
                  cy="11"
                  r="8"
                />
                <path
                  d="m21 21-4.3-4.3"
                />
              </svg>
            </div>
            <input
              class="input-island h-14 pl-12 pr-12 shadow-card"
              placeholder="Search across the islands…"
              type="text"
              value=""
            />
          </form>
          <div
            class="space-y-4"
          >
            <div
              class="flex items-center gap-2 overflow-x-auto pb-2 hide-scrollbar"
            >
              <button
                class="flex-shrink-0 px-4 py-2 rounded-full text-[11px] font-bold transition-all duration-200 bg-white text-warm-400 border border-warm-200 hover:border-teal-300 hover:text-teal-600"
              >
                🌊 All
              </button>
              <button
                class="flex-shrink-0 px-4 py-2 rounded-full text-[11px] font-bold transition-all duration-200 bg-white text-warm-400 border border-warm-200 hover:border-teal-300 hover:text-teal-600"
              >
                🐟 Fresh Catch
              </button>
              <button
                class="flex-shrink-0 px-4 py-2 rounded-full text-[11px] font-bold transition-all duration-200 bg-white text-warm-400 border border-warm-200 hover:border-teal-300 hover:text-teal-600"
              >
                🥥 Produce
              </button>
              <button
                class="flex-shrink-0 px-4 py-2 rounded-full text-[11px] font-bold transition-all duration-200 bg-white text-warm-400 border border-warm-200 hover:border-teal-300 hover:text-teal-600"
              >
                🐚 Handicrafts
              </button>
              <button
                class="flex-shrink-0 px-4 py-2 rounded-full text-[11px] font-bold transition-all duration-200 bg-white text-warm-400 border border-warm-200 hover:border-teal-300 hover:text-teal-600"
              >
                🤿 Experiences
              </button>
              <button
                class="flex-shrink-0 px-4 py-2 rounded-full text-[11px] font-bold transition-all duration-200 bg-white text-warm-400 border border-warm-200 hover:border-teal-300 hover:text-teal-600"
              >
                🏠 Rentals
              </button>
              <button
                class="flex-shrink-0 px-4 py-2 rounded-full text-[11px] font-bold transition-all duration-200 bg-white text-warm-400 border border-warm-200 hover:border-teal-300 hover:text-teal-600"
              >
                ⚡ Services
              </button>
              <button
                class="flex-shrink-0 px-4 py-2 rounded-full text-[11px] font-bold transition-all duration-200 bg-white text-warm-400 border border-warm-200 hover:border-teal-300 hover:text-teal-600"
              >
                🛒 General
              </button>
              <button
                class="flex-shrink-0 px-4 py-2 rounded-full text-[11px] font-bold 
2026-02-27T09:03:10.5044199Z [31m⎯⎯⎯⎯⎯⎯[1m[7m Unhandled Errors [27m[22m⎯⎯⎯⎯⎯⎯[39m
2026-02-27T09:03:10.5044878Z [31m[1m
2026-02-27T09:03:10.5045435Z Vitest caught 1 unhandled error during the test run.
2026-02-27T09:03:10.5046912Z This might cause false positive tests. Resolve unhandled errors to make sure your tests are not affected.[22m[39m
2026-02-27T09:03:10.5048158Z [31m⎯⎯⎯⎯⎯⎯⎯⎯⎯⎯⎯⎯⎯⎯⎯⎯⎯⎯⎯⎯⎯⎯⎯⎯⎯⎯⎯⎯⎯⎯[39m
2026-02-27T09:03:10.5049336Z [2m Test Files [22m [1m[31m1 failed[39m[22m[2m | [22m[1m[32m8 passed[39m[22m[90m (9)[39m
2026-02-27T09:03:10.5050979Z [2m      Tests [22m [1m[31m1 failed[39m[22m[2m | [22m[1m[32m132 passed[39m[22m[90m (133)[39m
2026-02-27T09:03:10.5052137Z [2m     Errors [22m [1m[31m1 error[39m[22m
2026-02-27T09:03:10.5052815Z [2m   Start at [22m 09:03:05
2026-02-27T09:03:10.5054211Z [2m   Duration [22m 4.87s[2m (transform 317ms, setup 2.61s, collect 766ms, tests 4.61s, environment 2.08s, prepare 1.19s)[22m
2026-02-27T09:03:10.5055086Z 
2026-02-27T09:03:10.5107071Z ##[error]Process completed with exit code 1.
